C /etc
A /etc/ld.so.cache
C /run
C /tmp
C /usr
C /usr/bin
A /usr/bin/cpp
C /usr/include
A /usr/include/_G_config.h
A /usr/include/a.out.h
A /usr/include/aio.h
A /usr/include/aliases.h
A /usr/include/alloca.h
A /usr/include/ar.h
A /usr/include/argp.h
A /usr/include/argz.h
A /usr/include/arpa
A /usr/include/arpa/ftp.h
A /usr/include/arpa/inet.h
A /usr/include/arpa/nameser.h
A /usr/include/arpa/nameser_compat.h
A /usr/include/arpa/telnet.h
A /usr/include/arpa/tftp.h
A /usr/include/asm
A /usr/include/asm/a.out.h
A /usr/include/asm/auxvec.h
A /usr/include/asm/bitsperlong.h
A /usr/include/asm/boot.h
A /usr/include/asm/bootparam.h
A /usr/include/asm/byteorder.h
A /usr/include/asm/debugreg.h
A /usr/include/asm/e820.h
A /usr/include/asm/errno.h
A /usr/include/asm/fcntl.h
A /usr/include/asm/hw_breakpoint.h
A /usr/include/asm/hyperv.h
A /usr/include/asm/ioctl.h
A /usr/include/asm/ioctls.h
A /usr/include/asm/ipcbuf.h
A /usr/include/asm/ist.h
A /usr/include/asm/kvm.h
A /usr/include/asm/kvm_para.h
A /usr/include/asm/ldt.h
A /usr/include/asm/mce.h
A /usr/include/asm/mman.h
A /usr/include/asm/msgbuf.h
A /usr/include/asm/msr-index.h
A /usr/include/asm/msr.h
A /usr/include/asm/mtrr.h
A /usr/include/asm/param.h
A /usr/include/asm/perf_regs.h
A /usr/include/asm/poll.h
A /usr/include/asm/posix_types.h
A /usr/include/asm/posix_types_32.h
A /usr/include/asm/posix_types_64.h
A /usr/include/asm/posix_types_x32.h
A /usr/include/asm/prctl.h
A /usr/include/asm/processor-flags.h
A /usr/include/asm/ptrace-abi.h
A /usr/include/asm/ptrace.h
A /usr/include/asm/resource.h
A /usr/include/asm/sembuf.h
A /usr/include/asm/setup.h
A /usr/include/asm/shmbuf.h
A /usr/include/asm/sigcontext.h
A /usr/include/asm/sigcontext32.h
A /usr/include/asm/siginfo.h
A /usr/include/asm/signal.h
A /usr/include/asm/socket.h
A /usr/include/asm/sockios.h
A /usr/include/asm/stat.h
A /usr/include/asm/statfs.h
A /usr/include/asm/svm.h
A /usr/include/asm/swab.h
A /usr/include/asm/termbits.h
A /usr/include/asm/termios.h
A /usr/include/asm/types.h
A /usr/include/asm/ucontext.h
A /usr/include/asm/unistd.h
A /usr/include/asm/unistd_32.h
A /usr/include/asm/unistd_64.h
A /usr/include/asm/unistd_x32.h
A /usr/include/asm/vm86.h
A /usr/include/asm/vmx.h
A /usr/include/asm/vsyscall.h
A /usr/include/asm-generic
A /usr/include/asm-generic/auxvec.h
A /usr/include/asm-generic/bitsperlong.h
A /usr/include/asm-generic/errno-base.h
A /usr/include/asm-generic/errno.h
A /usr/include/asm-generic/fcntl.h
A /usr/include/asm-generic/int-l64.h
A /usr/include/asm-generic/int-ll64.h
A /usr/include/asm-generic/ioctl.h
A /usr/include/asm-generic/ioctls.h
A /usr/include/asm-generic/ipcbuf.h
A /usr/include/asm-generic/kvm_para.h
A /usr/include/asm-generic/mman-common.h
A /usr/include/asm-generic/mman.h
A /usr/include/asm-generic/msgbuf.h
A /usr/include/asm-generic/param.h
A /usr/include/asm-generic/poll.h
A /usr/include/asm-generic/posix_types.h
A /usr/include/asm-generic/resource.h
A /usr/include/asm-generic/sembuf.h
A /usr/include/asm-generic/setup.h
A /usr/include/asm-generic/shmbuf.h
A /usr/include/asm-generic/shmparam.h
A /usr/include/asm-generic/siginfo.h
A /usr/include/asm-generic/signal-defs.h
A /usr/include/asm-generic/signal.h
A /usr/include/asm-generic/socket.h
A /usr/include/asm-generic/sockios.h
A /usr/include/asm-generic/stat.h
A /usr/include/asm-generic/statfs.h
A /usr/include/asm-generic/swab.h
A /usr/include/asm-generic/termbits.h
A /usr/include/asm-generic/termios.h
A /usr/include/asm-generic/types.h
A /usr/include/asm-generic/ucontext.h
A /usr/include/asm-generic/unistd.h
A /usr/include/assert.h
A /usr/include/bits
A /usr/include/bits/a.out.h
A /usr/include/bits/byteswap-16.h
A /usr/include/bits/byteswap.h
A /usr/include/bits/cmathcalls.h
A /usr/include/bits/confname.h
A /usr/include/bits/dirent.h
A /usr/include/bits/dlfcn.h
A /usr/include/bits/elfclass.h
A /usr/include/bits/endian.h
A /usr/include/bits/environments.h
A /usr/include/bits/epoll.h
A /usr/include/bits/errno.h
A /usr/include/bits/error.h
A /usr/include/bits/eventfd.h
A /usr/include/bits/fcntl-linux.h
A /usr/include/bits/fcntl.h
A /usr/include/bits/fcntl2.h
A /usr/include/bits/fenv.h
A /usr/include/bits/fenvinline.h
A /usr/include/bits/huge_val.h
A /usr/include/bits/huge_valf.h
A /usr/include/bits/huge_vall.h
A /usr/include/bits/hwcap.h
A /usr/include/bits/in.h
A /usr/include/bits/inf.h
A /usr/include/bits/initspin.h
A /usr/include/bits/inotify.h
A /usr/include/bits/ioctl-types.h
A /usr/include/bits/ioctls.h
A /usr/include/bits/ipc.h
A /usr/include/bits/ipctypes.h
A /usr/include/bits/libc-lock.h
A /usr/include/bits/libio-ldbl.h
A /usr/include/bits/link.h
A /usr/include/bits/local_lim.h
A /usr/include/bits/locale.h
A /usr/include/bits/math-finite.h
A /usr/include/bits/mathcalls.h
A /usr/include/bits/mathdef.h
A /usr/include/bits/mathinline.h
A /usr/include/bits/mman.h
A /usr/include/bits/monetary-ldbl.h
A /usr/include/bits/mqueue.h
A /usr/include/bits/mqueue2.h
A /usr/include/bits/msq.h
A /usr/include/bits/nan.h
A /usr/include/bits/netdb.h
A /usr/include/bits/param.h
A /usr/include/bits/poll.h
A /usr/include/bits/poll2.h
A /usr/include/bits/posix1_lim.h
A /usr/include/bits/posix2_lim.h
A /usr/include/bits/posix_opt.h
A /usr/include/bits/printf-ldbl.h
A /usr/include/bits/pthreadtypes.h
A /usr/include/bits/resource.h
A /usr/include/bits/sched.h
A /usr/include/bits/select.h
A /usr/include/bits/select2.h
A /usr/include/bits/sem.h
A /usr/include/bits/semaphore.h
A /usr/include/bits/setjmp.h
A /usr/include/bits/setjmp2.h
A /usr/include/bits/shm.h
A /usr/include/bits/sigaction.h
A /usr/include/bits/sigcontext.h
A /usr/include/bits/siginfo.h
A /usr/include/bits/signalfd.h
A /usr/include/bits/signum.h
A /usr/include/bits/sigset.h
A /usr/include/bits/sigstack.h
A /usr/include/bits/sigthread.h
A /usr/include/bits/sockaddr.h
A /usr/include/bits/socket.h
A /usr/include/bits/socket2.h
A /usr/include/bits/socket_type.h
A /usr/include/bits/stab.def
A /usr/include/bits/stat.h
A /usr/include/bits/statfs.h
A /usr/include/bits/statvfs.h
A /usr/include/bits/stdio-ldbl.h
A /usr/include/bits/stdio-lock.h
A /usr/include/bits/stdio.h
A /usr/include/bits/stdio2.h
A /usr/include/bits/stdio_lim.h
A /usr/include/bits/stdlib-float.h
A /usr/include/bits/stdlib-ldbl.h
A /usr/include/bits/stdlib.h
A /usr/include/bits/string.h
A /usr/include/bits/string2.h
A /usr/include/bits/string3.h
A /usr/include/bits/sys_errlist.h
A /usr/include/bits/syscall.h
A /usr/include/bits/sysctl.h
A /usr/include/bits/syslog-ldbl.h
A /usr/include/bits/syslog-path.h
A /usr/include/bits/syslog.h
A /usr/include/bits/termios.h
A /usr/include/bits/time.h
A /usr/include/bits/timerfd.h
A /usr/include/bits/timex.h
A /usr/include/bits/types.h
A /usr/include/bits/typesizes.h
A /usr/include/bits/uio.h
A /usr/include/bits/unistd.h
A /usr/include/bits/ustat.h
A /usr/include/bits/utmp.h
A /usr/include/bits/utmpx.h
A /usr/include/bits/utsname.h
A /usr/include/bits/waitflags.h
A /usr/include/bits/waitstatus.h
A /usr/include/bits/wchar-ldbl.h
A /usr/include/bits/wchar.h
A /usr/include/bits/wchar2.h
A /usr/include/bits/wordsize.h
A /usr/include/bits/xopen_lim.h
A /usr/include/byteswap.h
A /usr/include/complex.h
A /usr/include/cpio.h
A /usr/include/cpufreq.h
A /usr/include/crypt.h
A /usr/include/ctype.h
A /usr/include/dirent.h
A /usr/include/dlfcn.h
A /usr/include/drm
A /usr/include/drm/drm.h
A /usr/include/drm/drm_fourcc.h
A /usr/include/drm/drm_mode.h
A /usr/include/drm/drm_sarea.h
A /usr/include/drm/exynos_drm.h
A /usr/include/drm/i810_drm.h
A /usr/include/drm/i915_drm.h
A /usr/include/drm/mga_drm.h
A /usr/include/drm/nouveau_drm.h
A /usr/include/drm/qxl_drm.h
A /usr/include/drm/r128_drm.h
A /usr/include/drm/radeon_drm.h
A /usr/include/drm/savage_drm.h
A /usr/include/drm/sis_drm.h
A /usr/include/drm/tegra_drm.h
A /usr/include/drm/via_drm.h
A /usr/include/drm/vmwgfx_drm.h
A /usr/include/elf.h
A /usr/include/endian.h
A /usr/include/envz.h
A /usr/include/err.h
A /usr/include/errno.h
A /usr/include/error.h
A /usr/include/execinfo.h
A /usr/include/fcntl.h
A /usr/include/features.h
A /usr/include/fenv.h
A /usr/include/fmtmsg.h
A /usr/include/fnmatch.h
A /usr/include/fpu_control.h
A /usr/include/fstab.h
A /usr/include/fts.h
A /usr/include/ftw.h
A /usr/include/gconv.h
A /usr/include/getopt.h
A /usr/include/glob.h
A /usr/include/gnu
A /usr/include/gnu/lib-names.h
A /usr/include/gnu/libc-version.h
A /usr/include/gnu/stubs-64.h
A /usr/include/gnu/stubs.h
A /usr/include/gnu-versions.h
A /usr/include/grp.h
A /usr/include/gshadow.h
A /usr/include/iconv.h
A /usr/include/ieee754.h
A /usr/include/ifaddrs.h
A /usr/include/inttypes.h
A /usr/include/langinfo.h
A /usr/include/lastlog.h
A /usr/include/libgen.h
A /usr/include/libintl.h
A /usr/include/libio.h
A /usr/include/limits.h
A /usr/include/link.h
A /usr/include/linux
A /usr/include/linux/a.out.h
A /usr/include/linux/acct.h
A /usr/include/linux/adb.h
A /usr/include/linux/adfs_fs.h
A /usr/include/linux/affs_hardblocks.h
A /usr/include/linux/agpgart.h
A /usr/include/linux/aio_abi.h
A /usr/include/linux/apm_bios.h
A /usr/include/linux/arcfb.h
A /usr/include/linux/atalk.h
A /usr/include/linux/atm.h
A /usr/include/linux/atm_eni.h
A /usr/include/linux/atm_he.h
A /usr/include/linux/atm_idt77105.h
A /usr/include/linux/atm_nicstar.h
A /usr/include/linux/atm_tcp.h
A /usr/include/linux/atm_zatm.h
A /usr/include/linux/atmapi.h
A /usr/include/linux/atmarp.h
A /usr/include/linux/atmbr2684.h
A /usr/include/linux/atmclip.h
A /usr/include/linux/atmdev.h
A /usr/include/linux/atmioc.h
A /usr/include/linux/atmlec.h
A /usr/include/linux/atmmpc.h
A /usr/include/linux/atmppp.h
A /usr/include/linux/atmsap.h
A /usr/include/linux/atmsvc.h
A /usr/include/linux/audit.h
A /usr/include/linux/auto_fs.h
A /usr/include/linux/auto_fs4.h
A /usr/include/linux/auxvec.h
A /usr/include/linux/ax25.h
A /usr/include/linux/b1lli.h
A /usr/include/linux/baycom.h
A /usr/include/linux/bfs_fs.h
A /usr/include/linux/binfmts.h
A /usr/include/linux/blkpg.h
A /usr/include/linux/blktrace_api.h
A /usr/include/linux/bpqether.h
A /usr/include/linux/bsg.h
A /usr/include/linux/btrfs.h
A /usr/include/linux/byteorder
A /usr/include/linux/byteorder/big_endian.h
A /usr/include/linux/byteorder/little_endian.h
A /usr/include/linux/caif
A /usr/include/linux/caif/caif_socket.h
A /usr/include/linux/caif/if_caif.h
A /usr/include/linux/can
A /usr/include/linux/can/bcm.h
A /usr/include/linux/can/error.h
A /usr/include/linux/can/gw.h
A /usr/include/linux/can/netlink.h
A /usr/include/linux/can/raw.h
A /usr/include/linux/can.h
A /usr/include/linux/capability.h
A /usr/include/linux/capi.h
A /usr/include/linux/cciss_defs.h
A /usr/include/linux/cciss_ioctl.h
A /usr/include/linux/cdrom.h
A /usr/include/linux/cgroupstats.h
A /usr/include/linux/chio.h
A /usr/include/linux/cm4000_cs.h
A /usr/include/linux/cn_proc.h
A /usr/include/linux/coda.h
A /usr/include/linux/coda_psdev.h
A /usr/include/linux/coff.h
A /usr/include/linux/connector.h
A /usr/include/linux/const.h
A /usr/include/linux/cramfs_fs.h
A /usr/include/linux/cuda.h
A /usr/include/linux/cyclades.h
A /usr/include/linux/cycx_cfm.h
A /usr/include/linux/dcbnl.h
A /usr/include/linux/dccp.h
A /usr/include/linux/dlm.h
A /usr/include/linux/dlm_device.h
A /usr/include/linux/dlm_netlink.h
A /usr/include/linux/dlm_plock.h
A /usr/include/linux/dlmconstants.h
A /usr/include/linux/dm-ioctl.h
A /usr/include/linux/dm-log-userspace.h
A /usr/include/linux/dn.h
A /usr/include/linux/dqblk_xfs.h
A /usr/include/linux/dvb
A /usr/include/linux/dvb/audio.h
A /usr/include/linux/dvb/ca.h
A /usr/include/linux/dvb/dmx.h
A /usr/include/linux/dvb/frontend.h
A /usr/include/linux/dvb/net.h
A /usr/include/linux/dvb/osd.h
A /usr/include/linux/dvb/version.h
A /usr/include/linux/dvb/video.h
A /usr/include/linux/edd.h
A /usr/include/linux/efs_fs_sb.h
A /usr/include/linux/elf-em.h
A /usr/include/linux/elf-fdpic.h
A /usr/include/linux/elf.h
A /usr/include/linux/elfcore.h
A /usr/include/linux/errno.h
A /usr/include/linux/errqueue.h
A /usr/include/linux/ethtool.h
A /usr/include/linux/eventpoll.h
A /usr/include/linux/fadvise.h
A /usr/include/linux/falloc.h
A /usr/include/linux/fanotify.h
A /usr/include/linux/fb.h
A /usr/include/linux/fcntl.h
A /usr/include/linux/fd.h
A /usr/include/linux/fdreg.h
A /usr/include/linux/fib_rules.h
A /usr/include/linux/fiemap.h
A /usr/include/linux/filter.h
A /usr/include/linux/firewire-cdev.h
A /usr/include/linux/firewire-constants.h
A /usr/include/linux/flat.h
A /usr/include/linux/fs.h
A /usr/include/linux/fsl_hypervisor.h
A /usr/include/linux/fuse.h
A /usr/include/linux/futex.h
A /usr/include/linux/gameport.h
A /usr/include/linux/gen_stats.h
A /usr/include/linux/genetlink.h
A /usr/include/linux/gfs2_ondisk.h
A /usr/include/linux/gigaset_dev.h
A /usr/include/linux/hdlc
A /usr/include/linux/hdlc/ioctl.h
A /usr/include/linux/hdlc.h
A /usr/include/linux/hdlcdrv.h
A /usr/include/linux/hdreg.h
A /usr/include/linux/hid.h
A /usr/include/linux/hiddev.h
A /usr/include/linux/hidraw.h
A /usr/include/linux/hpet.h
A /usr/include/linux/hsi
A /usr/include/linux/hsi/hsi_char.h
A /usr/include/linux/hw_breakpoint.h
A /usr/include/linux/hysdn_if.h
A /usr/include/linux/i2c-dev.h
A /usr/include/linux/i2c.h
A /usr/include/linux/i2o-dev.h
A /usr/include/linux/i8k.h
A /usr/include/linux/icmp.h
A /usr/include/linux/icmpv6.h
A /usr/include/linux/if.h
A /usr/include/linux/if_addr.h
A /usr/include/linux/if_addrlabel.h
A /usr/include/linux/if_alg.h
A /usr/include/linux/if_arcnet.h
A /usr/include/linux/if_arp.h
A /usr/include/linux/if_bonding.h
A /usr/include/linux/if_bridge.h
A /usr/include/linux/if_cablemodem.h
A /usr/include/linux/if_eql.h
A /usr/include/linux/if_ether.h
A /usr/include/linux/if_fc.h
A /usr/include/linux/if_fddi.h
A /usr/include/linux/if_frad.h
A /usr/include/linux/if_hippi.h
A /usr/include/linux/if_infiniband.h
A /usr/include/linux/if_link.h
A /usr/include/linux/if_ltalk.h
A /usr/include/linux/if_packet.h
A /usr/include/linux/if_phonet.h
A /usr/include/linux/if_plip.h
A /usr/include/linux/if_ppp.h
A /usr/include/linux/if_pppol2tp.h
A /usr/include/linux/if_pppox.h
A /usr/include/linux/if_slip.h
A /usr/include/linux/if_team.h
A /usr/include/linux/if_tun.h
A /usr/include/linux/if_tunnel.h
A /usr/include/linux/if_vlan.h
A /usr/include/linux/if_x25.h
A /usr/include/linux/igmp.h
A /usr/include/linux/in.h
A /usr/include/linux/in6.h
A /usr/include/linux/in_route.h
A /usr/include/linux/inet_diag.h
A /usr/include/linux/inotify.h
A /usr/include/linux/input.h
A /usr/include/linux/ioctl.h
A /usr/include/linux/ip.h
A /usr/include/linux/ip6_tunnel.h
A /usr/include/linux/ip_vs.h
A /usr/include/linux/ipc.h
A /usr/include/linux/ipmi.h
A /usr/include/linux/ipmi_msgdefs.h
A /usr/include/linux/ipsec.h
A /usr/include/linux/ipv6.h
A /usr/include/linux/ipv6_route.h
A /usr/include/linux/ipx.h
A /usr/include/linux/irda.h
A /usr/include/linux/irqnr.h
A /usr/include/linux/isdn
A /usr/include/linux/isdn/capicmd.h
A /usr/include/linux/isdn.h
A /usr/include/linux/isdn_divertif.h
A /usr/include/linux/isdn_ppp.h
A /usr/include/linux/isdnif.h
A /usr/include/linux/iso_fs.h
A /usr/include/linux/ivtv.h
A /usr/include/linux/ivtvfb.h
A /usr/include/linux/ixjuser.h
A /usr/include/linux/jffs2.h
A /usr/include/linux/joystick.h
A /usr/include/linux/kd.h
A /usr/include/linux/kdev_t.h
A /usr/include/linux/kernel-page-flags.h
A /usr/include/linux/kernel.h
A /usr/include/linux/kernelcapi.h
A /usr/include/linux/kexec.h
A /usr/include/linux/keyboard.h
A /usr/include/linux/keyctl.h
A /usr/include/linux/kvm.h
A /usr/include/linux/kvm_para.h
A /usr/include/linux/l2tp.h
A /usr/include/linux/limits.h
A /usr/include/linux/llc.h
A /usr/include/linux/loop.h
A /usr/include/linux/lp.h
A /usr/include/linux/magic.h
A /usr/include/linux/major.h
A /usr/include/linux/map_to_7segment.h
A /usr/include/linux/matroxfb.h
A /usr/include/linux/mdio.h
A /usr/include/linux/media.h
A /usr/include/linux/mei.h
A /usr/include/linux/mempolicy.h
A /usr/include/linux/meye.h
A /usr/include/linux/mii.h
A /usr/include/linux/minix_fs.h
A /usr/include/linux/mman.h
A /usr/include/linux/mmc
A /usr/include/linux/mmc/ioctl.h
A /usr/include/linux/mmtimer.h
A /usr/include/linux/mqueue.h
A /usr/include/linux/mroute.h
A /usr/include/linux/mroute6.h
A /usr/include/linux/msdos_fs.h
A /usr/include/linux/msg.h
A /usr/include/linux/mtio.h
A /usr/include/linux/n_r3964.h
A /usr/include/linux/nbd.h
A /usr/include/linux/ncp.h
A /usr/include/linux/ncp_fs.h
A /usr/include/linux/ncp_mount.h
A /usr/include/linux/ncp_no.h
A /usr/include/linux/neighbour.h
A /usr/include/linux/net.h
A /usr/include/linux/net_dropmon.h
A /usr/include/linux/net_tstamp.h
A /usr/include/linux/netconf.h
A /usr/include/linux/netdevice.h
A /usr/include/linux/netfilter
A /usr/include/linux/netfilter/ipset
A /usr/include/linux/netfilter/ipset/ip_set.h
A /usr/include/linux/netfilter/ipset/ip_set_bitmap.h
A /usr/include/linux/netfilter/ipset/ip_set_hash.h
A /usr/include/linux/netfilter/ipset/ip_set_list.h
A /usr/include/linux/netfilter/nf_conntrack_common.h
A /usr/include/linux/netfilter/nf_conntrack_ftp.h
A /usr/include/linux/netfilter/nf_conntrack_sctp.h
A /usr/include/linux/netfilter/nf_conntrack_tcp.h
A /usr/include/linux/netfilter/nf_conntrack_tuple_common.h
A /usr/include/linux/netfilter/nf_nat.h
A /usr/include/linux/netfilter/nf_tables.h
A /usr/include/linux/netfilter/nf_tables_compat.h
A /usr/include/linux/netfilter/nfnetlink.h
A /usr/include/linux/netfilter/nfnetlink_acct.h
A /usr/include/linux/netfilter/nfnetlink_compat.h
A /usr/include/linux/netfilter/nfnetlink_conntrack.h
A /usr/include/linux/netfilter/nfnetlink_cthelper.h
A /usr/include/linux/netfilter/nfnetlink_cttimeout.h
A /usr/include/linux/netfilter/nfnetlink_log.h
A /usr/include/linux/netfilter/nfnetlink_queue.h
A /usr/include/linux/netfilter/x_tables.h
A /usr/include/linux/netfilter/xt_AUDIT.h
A /usr/include/linux/netfilter/xt_CHECKSUM.h
A /usr/include/linux/netfilter/xt_CLASSIFY.h
A /usr/include/linux/netfilter/xt_CONNMARK.h
A /usr/include/linux/netfilter/xt_CONNSECMARK.h
A /usr/include/linux/netfilter/xt_CT.h
A /usr/include/linux/netfilter/xt_DSCP.h
A /usr/include/linux/netfilter/xt_HMARK.h
A /usr/include/linux/netfilter/xt_IDLETIMER.h
A /usr/include/linux/netfilter/xt_LED.h
A /usr/include/linux/netfilter/xt_LOG.h
A /usr/include/linux/netfilter/xt_MARK.h
A /usr/include/linux/netfilter/xt_NFLOG.h
A /usr/include/linux/netfilter/xt_NFQUEUE.h
A /usr/include/linux/netfilter/xt_RATEEST.h
A /usr/include/linux/netfilter/xt_SECMARK.h
A /usr/include/linux/netfilter/xt_TCPMSS.h
A /usr/include/linux/netfilter/xt_TCPOPTSTRIP.h
A /usr/include/linux/netfilter/xt_TEE.h
A /usr/include/linux/netfilter/xt_TPROXY.h
A /usr/include/linux/netfilter/xt_addrtype.h
A /usr/include/linux/netfilter/xt_bpf.h
A /usr/include/linux/netfilter/xt_cluster.h
A /usr/include/linux/netfilter/xt_comment.h
A /usr/include/linux/netfilter/xt_connbytes.h
A /usr/include/linux/netfilter/xt_connlabel.h
A /usr/include/linux/netfilter/xt_connlimit.h
A /usr/include/linux/netfilter/xt_connmark.h
A /usr/include/linux/netfilter/xt_conntrack.h
A /usr/include/linux/netfilter/xt_cpu.h
A /usr/include/linux/netfilter/xt_dccp.h
A /usr/include/linux/netfilter/xt_devgroup.h
A /usr/include/linux/netfilter/xt_dscp.h
A /usr/include/linux/netfilter/xt_ecn.h
A /usr/include/linux/netfilter/xt_esp.h
A /usr/include/linux/netfilter/xt_hashlimit.h
A /usr/include/linux/netfilter/xt_helper.h
A /usr/include/linux/netfilter/xt_iprange.h
A /usr/include/linux/netfilter/xt_ipvs.h
A /usr/include/linux/netfilter/xt_length.h
A /usr/include/linux/netfilter/xt_limit.h
A /usr/include/linux/netfilter/xt_mac.h
A /usr/include/linux/netfilter/xt_mark.h
A /usr/include/linux/netfilter/xt_multiport.h
A /usr/include/linux/netfilter/xt_nfacct.h
A /usr/include/linux/netfilter/xt_osf.h
A /usr/include/linux/netfilter/xt_owner.h
A /usr/include/linux/netfilter/xt_physdev.h
A /usr/include/linux/netfilter/xt_pkttype.h
A /usr/include/linux/netfilter/xt_policy.h
A /usr/include/linux/netfilter/xt_quota.h
A /usr/include/linux/netfilter/xt_rateest.h
A /usr/include/linux/netfilter/xt_realm.h
A /usr/include/linux/netfilter/xt_recent.h
A /usr/include/linux/netfilter/xt_rpfilter.h
A /usr/include/linux/netfilter/xt_sctp.h
A /usr/include/linux/netfilter/xt_set.h
A /usr/include/linux/netfilter/xt_socket.h
A /usr/include/linux/netfilter/xt_state.h
A /usr/include/linux/netfilter/xt_statistic.h
A /usr/include/linux/netfilter/xt_string.h
A /usr/include/linux/netfilter/xt_tcpmss.h
A /usr/include/linux/netfilter/xt_tcpudp.h
A /usr/include/linux/netfilter/xt_time.h
A /usr/include/linux/netfilter/xt_u32.h
A /usr/include/linux/netfilter.h
A /usr/include/linux/netfilter_arp
A /usr/include/linux/netfilter_arp/arp_tables.h
A /usr/include/linux/netfilter_arp/arpt_mangle.h
A /usr/include/linux/netfilter_arp.h
A /usr/include/linux/netfilter_bridge
A /usr/include/linux/netfilter_bridge/ebt_802_3.h
A /usr/include/linux/netfilter_bridge/ebt_among.h
A /usr/include/linux/netfilter_bridge/ebt_arp.h
A /usr/include/linux/netfilter_bridge/ebt_arpreply.h
A /usr/include/linux/netfilter_bridge/ebt_ip.h
A /usr/include/linux/netfilter_bridge/ebt_ip6.h
A /usr/include/linux/netfilter_bridge/ebt_limit.h
A /usr/include/linux/netfilter_bridge/ebt_log.h
A /usr/include/linux/netfilter_bridge/ebt_mark_m.h
A /usr/include/linux/netfilter_bridge/ebt_mark_t.h
A /usr/include/linux/netfilter_bridge/ebt_nat.h
A /usr/include/linux/netfilter_bridge/ebt_nflog.h
A /usr/include/linux/netfilter_bridge/ebt_pkttype.h
A /usr/include/linux/netfilter_bridge/ebt_redirect.h
A /usr/include/linux/netfilter_bridge/ebt_stp.h
A /usr/include/linux/netfilter_bridge/ebt_ulog.h
A /usr/include/linux/netfilter_bridge/ebt_vlan.h
A /usr/include/linux/netfilter_bridge/ebtables.h
A /usr/include/linux/netfilter_bridge.h
A /usr/include/linux/netfilter_decnet.h
A /usr/include/linux/netfilter_ipv4
A /usr/include/linux/netfilter_ipv4/ip_tables.h
A /usr/include/linux/netfilter_ipv4/ipt_CLUSTERIP.h
A /usr/include/linux/netfilter_ipv4/ipt_ECN.h
A /usr/include/linux/netfilter_ipv4/ipt_LOG.h
A /usr/include/linux/netfilter_ipv4/ipt_REJECT.h
A /usr/include/linux/netfilter_ipv4/ipt_TTL.h
A /usr/include/linux/netfilter_ipv4/ipt_ULOG.h
A /usr/include/linux/netfilter_ipv4/ipt_ah.h
A /usr/include/linux/netfilter_ipv4/ipt_ecn.h
A /usr/include/linux/netfilter_ipv4/ipt_ttl.h
A /usr/include/linux/netfilter_ipv4.h
A /usr/include/linux/netfilter_ipv6
A /usr/include/linux/netfilter_ipv6/ip6_tables.h
A /usr/include/linux/netfilter_ipv6/ip6t_HL.h
A /usr/include/linux/netfilter_ipv6/ip6t_LOG.h
A /usr/include/linux/netfilter_ipv6/ip6t_NPT.h
A /usr/include/linux/netfilter_ipv6/ip6t_REJECT.h
A /usr/include/linux/netfilter_ipv6/ip6t_ah.h
A /usr/include/linux/netfilter_ipv6/ip6t_frag.h
A /usr/include/linux/netfilter_ipv6/ip6t_hl.h
A /usr/include/linux/netfilter_ipv6/ip6t_ipv6header.h
A /usr/include/linux/netfilter_ipv6/ip6t_mh.h
A /usr/include/linux/netfilter_ipv6/ip6t_opts.h
A /usr/include/linux/netfilter_ipv6/ip6t_rt.h
A /usr/include/linux/netfilter_ipv6.h
A /usr/include/linux/netlink.h
A /usr/include/linux/netlink_diag.h
A /usr/include/linux/netrom.h
A /usr/include/linux/nfc.h
A /usr/include/linux/nfs.h
A /usr/include/linux/nfs2.h
A /usr/include/linux/nfs3.h
A /usr/include/linux/nfs4.h
A /usr/include/linux/nfs4_mount.h
A /usr/include/linux/nfs_fs.h
A /usr/include/linux/nfs_idmap.h
A /usr/include/linux/nfs_mount.h
A /usr/include/linux/nfsacl.h
A /usr/include/linux/nfsd
A /usr/include/linux/nfsd/cld.h
A /usr/include/linux/nfsd/debug.h
A /usr/include/linux/nfsd/export.h
A /usr/include/linux/nfsd/nfsfh.h
A /usr/include/linux/nfsd/stats.h
A /usr/include/linux/nl80211.h
A /usr/include/linux/nubus.h
A /usr/include/linux/nvme.h
A /usr/include/linux/nvram.h
A /usr/include/linux/omap3isp.h
A /usr/include/linux/omapfb.h
A /usr/include/linux/oom.h
A /usr/include/linux/openvswitch.h
A /usr/include/linux/packet_diag.h
A /usr/include/linux/param.h
A /usr/include/linux/parport.h
A /usr/include/linux/patchkey.h
A /usr/include/linux/pci.h
A /usr/include/linux/pci_regs.h
A /usr/include/linux/perf_event.h
A /usr/include/linux/personality.h
A /usr/include/linux/pfkeyv2.h
A /usr/include/linux/pg.h
A /usr/include/linux/phantom.h
A /usr/include/linux/phonet.h
A /usr/include/linux/pkt_cls.h
A /usr/include/linux/pkt_sched.h
A /usr/include/linux/pktcdvd.h
A /usr/include/linux/pmu.h
A /usr/include/linux/poll.h
A /usr/include/linux/posix_types.h
A /usr/include/linux/ppdev.h
A /usr/include/linux/ppp-comp.h
A /usr/include/linux/ppp-ioctl.h
A /usr/include/linux/ppp_defs.h
A /usr/include/linux/pps.h
A /usr/include/linux/prctl.h
A /usr/include/linux/ptp_clock.h
A /usr/include/linux/ptrace.h
A /usr/include/linux/qnx4_fs.h
A /usr/include/linux/qnxtypes.h
A /usr/include/linux/quota.h
A /usr/include/linux/radeonfb.h
A /usr/include/linux/raid
A /usr/include/linux/raid/md_p.h
A /usr/include/linux/raid/md_u.h
A /usr/include/linux/random.h
A /usr/include/linux/raw.h
A /usr/include/linux/rds.h
A /usr/include/linux/reboot.h
A /usr/include/linux/reiserfs_fs.h
A /usr/include/linux/reiserfs_xattr.h
A /usr/include/linux/resource.h
A /usr/include/linux/rfkill.h
A /usr/include/linux/romfs_fs.h
A /usr/include/linux/rose.h
A /usr/include/linux/route.h
A /usr/include/linux/rtc.h
A /usr/include/linux/rtnetlink.h
A /usr/include/linux/scc.h
A /usr/include/linux/sched.h
A /usr/include/linux/screen_info.h
A /usr/include/linux/sctp.h
A /usr/include/linux/sdla.h
A /usr/include/linux/seccomp.h
A /usr/include/linux/securebits.h
A /usr/include/linux/selinux_netlink.h
A /usr/include/linux/sem.h
A /usr/include/linux/serial.h
A /usr/include/linux/serial_core.h
A /usr/include/linux/serial_reg.h
A /usr/include/linux/serio.h
A /usr/include/linux/shm.h
A /usr/include/linux/signal.h
A /usr/include/linux/signalfd.h
A /usr/include/linux/snmp.h
A /usr/include/linux/sock_diag.h
A /usr/include/linux/socket.h
A /usr/include/linux/sockios.h
A /usr/include/linux/som.h
A /usr/include/linux/sonet.h
A /usr/include/linux/sonypi.h
A /usr/include/linux/sound.h
A /usr/include/linux/soundcard.h
A /usr/include/linux/spi
A /usr/include/linux/spi/spidev.h
A /usr/include/linux/stat.h
A /usr/include/linux/stddef.h
A /usr/include/linux/string.h
A /usr/include/linux/sunrpc
A /usr/include/linux/sunrpc/debug.h
A /usr/include/linux/suspend_ioctls.h
A /usr/include/linux/swab.h
A /usr/include/linux/synclink.h
A /usr/include/linux/sysctl.h
A /usr/include/linux/sysinfo.h
A /usr/include/linux/taskstats.h
A /usr/include/linux/tc_act
A /usr/include/linux/tc_act/tc_csum.h
A /usr/include/linux/tc_act/tc_gact.h
A /usr/include/linux/tc_act/tc_ipt.h
A /usr/include/linux/tc_act/tc_mirred.h
A /usr/include/linux/tc_act/tc_nat.h
A /usr/include/linux/tc_act/tc_pedit.h
A /usr/include/linux/tc_act/tc_skbedit.h
A /usr/include/linux/tc_ematch
A /usr/include/linux/tc_ematch/tc_em_cmp.h
A /usr/include/linux/tc_ematch/tc_em_meta.h
A /usr/include/linux/tc_ematch/tc_em_nbyte.h
A /usr/include/linux/tc_ematch/tc_em_text.h
A /usr/include/linux/tcp.h
A /usr/include/linux/tcp_metrics.h
A /usr/include/linux/telephony.h
A /usr/include/linux/termios.h
A /usr/include/linux/time.h
A /usr/include/linux/times.h
A /usr/include/linux/timex.h
A /usr/include/linux/tiocl.h
A /usr/include/linux/tipc.h
A /usr/include/linux/tipc_config.h
A /usr/include/linux/toshiba.h
A /usr/include/linux/tty.h
A /usr/include/linux/tty_flags.h
A /usr/include/linux/types.h
A /usr/include/linux/udf_fs_i.h
A /usr/include/linux/udp.h
A /usr/include/linux/uhid.h
A /usr/include/linux/uinput.h
A /usr/include/linux/uio.h
A /usr/include/linux/ultrasound.h
A /usr/include/linux/un.h
A /usr/include/linux/unistd.h
A /usr/include/linux/unix_diag.h
A /usr/include/linux/usb
A /usr/include/linux/usb/audio.h
A /usr/include/linux/usb/cdc.h
A /usr/include/linux/usb/ch11.h
A /usr/include/linux/usb/ch9.h
A /usr/include/linux/usb/functionfs.h
A /usr/include/linux/usb/g_printer.h
A /usr/include/linux/usb/gadgetfs.h
A /usr/include/linux/usb/midi.h
A /usr/include/linux/usb/tmc.h
A /usr/include/linux/usb/video.h
A /usr/include/linux/usbdevice_fs.h
A /usr/include/linux/utime.h
A /usr/include/linux/utsname.h
A /usr/include/linux/uuid.h
A /usr/include/linux/uvcvideo.h
A /usr/include/linux/v4l2-common.h
A /usr/include/linux/v4l2-controls.h
A /usr/include/linux/v4l2-dv-timings.h
A /usr/include/linux/v4l2-mediabus.h
A /usr/include/linux/v4l2-subdev.h
A /usr/include/linux/version.h
A /usr/include/linux/veth.h
A /usr/include/linux/vfio.h
A /usr/include/linux/vhost.h
A /usr/include/linux/videodev2.h
A /usr/include/linux/virtio_9p.h
A /usr/include/linux/virtio_balloon.h
A /usr/include/linux/virtio_blk.h
A /usr/include/linux/virtio_config.h
A /usr/include/linux/virtio_console.h
A /usr/include/linux/virtio_ids.h
A /usr/include/linux/virtio_net.h
A /usr/include/linux/virtio_pci.h
A /usr/include/linux/virtio_ring.h
A /usr/include/linux/virtio_rng.h
A /usr/include/linux/vt.h
A /usr/include/linux/wait.h
A /usr/include/linux/wanrouter.h
A /usr/include/linux/watchdog.h
A /usr/include/linux/wimax
A /usr/include/linux/wimax/i2400m.h
A /usr/include/linux/wimax.h
A /usr/include/linux/wireless.h
A /usr/include/linux/x25.h
A /usr/include/linux/xattr.h
A /usr/include/linux/xfrm.h
A /usr/include/locale.h
A /usr/include/malloc.h
A /usr/include/math.h
A /usr/include/mcheck.h
A /usr/include/memory.h
A /usr/include/mntent.h
A /usr/include/monetary.h
A /usr/include/mqueue.h
A /usr/include/mtd
A /usr/include/mtd/inftl-user.h
A /usr/include/mtd/mtd-abi.h
A /usr/include/mtd/mtd-user.h
A /usr/include/mtd/nftl-user.h
A /usr/include/mtd/ubi-user.h
A /usr/include/net
A /usr/include/net/ethernet.h
A /usr/include/net/if.h
A /usr/include/net/if_arp.h
A /usr/include/net/if_packet.h
A /usr/include/net/if_ppp.h
A /usr/include/net/if_shaper.h
A /usr/include/net/if_slip.h
A /usr/include/net/ppp-comp.h
A /usr/include/net/ppp_defs.h
A /usr/include/net/route.h
A /usr/include/netash
A /usr/include/netash/ash.h
A /usr/include/netatalk
A /usr/include/netatalk/at.h
A /usr/include/netax25
A /usr/include/netax25/ax25.h
A /usr/include/netdb.h
A /usr/include/neteconet
A /usr/include/neteconet/ec.h
A /usr/include/netinet
A /usr/include/netinet/ether.h
A /usr/include/netinet/icmp6.h
A /usr/include/netinet/if_ether.h
A /usr/include/netinet/if_fddi.h
A /usr/include/netinet/if_tr.h
A /usr/include/netinet/igmp.h
A /usr/include/netinet/in.h
A /usr/include/netinet/in_systm.h
A /usr/include/netinet/ip.h
A /usr/include/netinet/ip6.h
A /usr/include/netinet/ip_icmp.h
A /usr/include/netinet/tcp.h
A /usr/include/netinet/udp.h
A /usr/include/netipx
A /usr/include/netipx/ipx.h
A /usr/include/netiucv
A /usr/include/netiucv/iucv.h
A /usr/include/netpacket
A /usr/include/netpacket/packet.h
A /usr/include/netrom
A /usr/include/netrom/netrom.h
A /usr/include/netrose
A /usr/include/netrose/rose.h
A /usr/include/nfs
A /usr/include/nfs/nfs.h
A /usr/include/nl_types.h
A /usr/include/nss.h
A /usr/include/obstack.h
A /usr/include/paths.h
A /usr/include/poll.h
A /usr/include/printf.h
A /usr/include/protocols
A /usr/include/protocols/routed.h
A /usr/include/protocols/rwhod.h
A /usr/include/protocols/talkd.h
A /usr/include/protocols/timed.h
A /usr/include/pthread.h
A /usr/include/pty.h
A /usr/include/pwd.h
A /usr/include/rdma
A /usr/include/rdma/ib_user_cm.h
A /usr/include/rdma/ib_user_mad.h
A /usr/include/rdma/ib_user_sa.h
A /usr/include/rdma/ib_user_verbs.h
A /usr/include/rdma/rdma_netlink.h
A /usr/include/rdma/rdma_user_cm.h
A /usr/include/re_comp.h
A /usr/include/regex.h
A /usr/include/regexp.h
A /usr/include/resolv.h
A /usr/include/rpc
A /usr/include/rpc/auth.h
A /usr/include/rpc/auth_des.h
A /usr/include/rpc/auth_unix.h
A /usr/include/rpc/clnt.h
A /usr/include/rpc/des_crypt.h
A /usr/include/rpc/key_prot.h
A /usr/include/rpc/netdb.h
A /usr/include/rpc/pmap_clnt.h
A /usr/include/rpc/pmap_prot.h
A /usr/include/rpc/pmap_rmt.h
A /usr/include/rpc/rpc.h
A /usr/include/rpc/rpc_des.h
A /usr/include/rpc/rpc_msg.h
A /usr/include/rpc/svc.h
A /usr/include/rpc/svc_auth.h
A /usr/include/rpc/types.h
A /usr/include/rpc/xdr.h
A /usr/include/rpcsvc
A /usr/include/rpcsvc/bootparam.h
A /usr/include/rpcsvc/bootparam_prot.h
A /usr/include/rpcsvc/bootparam_prot.x
A /usr/include/rpcsvc/key_prot.h
A /usr/include/rpcsvc/key_prot.x
A /usr/include/rpcsvc/klm_prot.h
A /usr/include/rpcsvc/klm_prot.x
A /usr/include/rpcsvc/mount.h
A /usr/include/rpcsvc/mount.x
A /usr/include/rpcsvc/nfs_prot.h
A /usr/include/rpcsvc/nfs_prot.x
A /usr/include/rpcsvc/nis.h
A /usr/include/rpcsvc/nis.x
A /usr/include/rpcsvc/nis_callback.h
A /usr/include/rpcsvc/nis_callback.x
A /usr/include/rpcsvc/nis_object.x
A /usr/include/rpcsvc/nis_tags.h
A /usr/include/rpcsvc/nislib.h
A /usr/include/rpcsvc/nlm_prot.h
A /usr/include/rpcsvc/nlm_prot.x
A /usr/include/rpcsvc/rex.h
A /usr/include/rpcsvc/rex.x
A /usr/include/rpcsvc/rstat.h
A /usr/include/rpcsvc/rstat.x
A /usr/include/rpcsvc/rusers.h
A /usr/include/rpcsvc/rusers.x
A /usr/include/rpcsvc/sm_inter.h
A /usr/include/rpcsvc/sm_inter.x
A /usr/include/rpcsvc/spray.h
A /usr/include/rpcsvc/spray.x
A /usr/include/rpcsvc/yp.h
A /usr/include/rpcsvc/yp.x
A /usr/include/rpcsvc/yp_prot.h
A /usr/include/rpcsvc/ypclnt.h
A /usr/include/rpcsvc/yppasswd.h
A /usr/include/rpcsvc/yppasswd.x
A /usr/include/rpcsvc/ypupd.h
A /usr/include/sched.h
A /usr/include/scsi
A /usr/include/scsi/fc
A /usr/include/scsi/fc/fc_els.h
A /usr/include/scsi/fc/fc_fs.h
A /usr/include/scsi/fc/fc_gs.h
A /usr/include/scsi/fc/fc_ns.h
A /usr/include/scsi/scsi.h
A /usr/include/scsi/scsi_bsg_fc.h
A /usr/include/scsi/scsi_ioctl.h
A /usr/include/scsi/scsi_netlink.h
A /usr/include/scsi/scsi_netlink_fc.h
A /usr/include/scsi/sg.h
A /usr/include/search.h
A /usr/include/semaphore.h
A /usr/include/setjmp.h
A /usr/include/sgtty.h
A /usr/include/shadow.h
A /usr/include/signal.h
A /usr/include/sound
A /usr/include/sound/asequencer.h
A /usr/include/sound/asound.h
A /usr/include/sound/asound_fm.h
A /usr/include/sound/compress_offload.h
A /usr/include/sound/compress_params.h
A /usr/include/sound/emu10k1.h
A /usr/include/sound/hdsp.h
A /usr/include/sound/hdspm.h
A /usr/include/sound/sb16_csp.h
A /usr/include/sound/sfnt_info.h
A /usr/include/spawn.h
A /usr/include/stab.h
A /usr/include/stdc-predef.h
A /usr/include/stdint.h
A /usr/include/stdio.h
A /usr/include/stdio_ext.h
A /usr/include/stdlib.h
A /usr/include/string.h
A /usr/include/strings.h
A /usr/include/sys
A /usr/include/sys/acct.h
A /usr/include/sys/auxv.h
A /usr/include/sys/bitypes.h
A /usr/include/sys/cdefs.h
A /usr/include/sys/debugreg.h
A /usr/include/sys/dir.h
A /usr/include/sys/elf.h
A /usr/include/sys/epoll.h
A /usr/include/sys/errno.h
A /usr/include/sys/eventfd.h
A /usr/include/sys/fanotify.h
A /usr/include/sys/fcntl.h
A /usr/include/sys/file.h
A /usr/include/sys/fsuid.h
A /usr/include/sys/gmon.h
A /usr/include/sys/gmon_out.h
A /usr/include/sys/inotify.h
A /usr/include/sys/io.h
A /usr/include/sys/ioctl.h
A /usr/include/sys/ipc.h
A /usr/include/sys/kd.h
A /usr/include/sys/kdaemon.h
A /usr/include/sys/klog.h
A /usr/include/sys/mman.h
A /usr/include/sys/mount.h
A /usr/include/sys/msg.h
A /usr/include/sys/mtio.h
A /usr/include/sys/param.h
A /usr/include/sys/pci.h
A /usr/include/sys/perm.h
A /usr/include/sys/personality.h
A /usr/include/sys/poll.h
A /usr/include/sys/prctl.h
A /usr/include/sys/procfs.h
A /usr/include/sys/profil.h
A /usr/include/sys/ptrace.h
A /usr/include/sys/queue.h
A /usr/include/sys/quota.h
A /usr/include/sys/raw.h
A /usr/include/sys/reboot.h
A /usr/include/sys/reg.h
A /usr/include/sys/resource.h
A /usr/include/sys/select.h
A /usr/include/sys/sem.h
A /usr/include/sys/sendfile.h
A /usr/include/sys/shm.h
A /usr/include/sys/signal.h
A /usr/include/sys/signalfd.h
A /usr/include/sys/socket.h
A /usr/include/sys/socketvar.h
A /usr/include/sys/soundcard.h
A /usr/include/sys/stat.h
A /usr/include/sys/statfs.h
A /usr/include/sys/statvfs.h
A /usr/include/sys/swap.h
A /usr/include/sys/syscall.h
A /usr/include/sys/sysctl.h
A /usr/include/sys/sysinfo.h
A /usr/include/sys/syslog.h
A /usr/include/sys/sysmacros.h
A /usr/include/sys/termios.h
A /usr/include/sys/time.h
A /usr/include/sys/timeb.h
A /usr/include/sys/timerfd.h
A /usr/include/sys/times.h
A /usr/include/sys/timex.h
A /usr/include/sys/ttychars.h
A /usr/include/sys/ttydefaults.h
A /usr/include/sys/types.h
A /usr/include/sys/ucontext.h
A /usr/include/sys/uio.h
A /usr/include/sys/ultrasound.h
A /usr/include/sys/un.h
A /usr/include/sys/unistd.h
A /usr/include/sys/user.h
A /usr/include/sys/ustat.h
A /usr/include/sys/utsname.h
A /usr/include/sys/vfs.h
A /usr/include/sys/vlimit.h
A /usr/include/sys/vm86.h
A /usr/include/sys/vt.h
A /usr/include/sys/vtimes.h
A /usr/include/sys/wait.h
A /usr/include/sys/xattr.h
A /usr/include/syscall.h
A /usr/include/sysexits.h
A /usr/include/syslog.h
A /usr/include/tar.h
A /usr/include/termio.h
A /usr/include/termios.h
A /usr/include/tgmath.h
A /usr/include/thread_db.h
A /usr/include/time.h
A /usr/include/ttyent.h
A /usr/include/uapi
A /usr/include/uchar.h
A /usr/include/ucontext.h
A /usr/include/ulimit.h
A /usr/include/unistd.h
A /usr/include/ustat.h
A /usr/include/utime.h
A /usr/include/utmp.h
A /usr/include/utmpx.h
A /usr/include/values.h
A /usr/include/video
A /usr/include/video/edid.h
A /usr/include/video/sisfb.h
A /usr/include/video/uvesafb.h
A /usr/include/wait.h
A /usr/include/wchar.h
A /usr/include/wctype.h
A /usr/include/wordexp.h
A /usr/include/xen
A /usr/include/xen/evtchn.h
A /usr/include/xen/privcmd.h
A /usr/include/xlocale.h
A /usr/include/zconf.h
A /usr/include/zlib.h
C /usr/lib
A /usr/lib/cpp
C /usr/lib64
A /usr/lib64/Mcrt1.o
A /usr/lib64/Scrt1.o
A /usr/lib64/crt1.o
A /usr/lib64/crti.o
A /usr/lib64/crtn.o
A /usr/lib64/gcrt1.o
A /usr/lib64/libBrokenLocale.so
A /usr/lib64/libanl.so
A /usr/lib64/libbsd-compat.a
A /usr/lib64/libbsd.a
A /usr/lib64/libc.so
A /usr/lib64/libc_nonshared.a
A /usr/lib64/libcidn.so
A /usr/lib64/libcrypt.so
A /usr/lib64/libdl.so
A /usr/lib64/libg.a
A /usr/lib64/libieee.a
A /usr/lib64/libjpeg.so.62
A /usr/lib64/libjpeg.so.62.1.0
A /usr/lib64/libm.so
A /usr/lib64/libmcheck.a
A /usr/lib64/libmpc.so.3
A /usr/lib64/libmpc.so.3.0.0
A /usr/lib64/libmpfr.so.4
A /usr/lib64/libmpfr.so.4.1.1
A /usr/lib64/libnsl.so
A /usr/lib64/libnss_compat.so
A /usr/lib64/libnss_db.so
A /usr/lib64/libnss_dns.so
A /usr/lib64/libnss_files.so
A /usr/lib64/libnss_hesiod.so
A /usr/lib64/libnss_nis.so
A /usr/lib64/libnss_nisplus.so
A /usr/lib64/libpng15.so.15
A /usr/lib64/libpng15.so.15.13.0
A /usr/lib64/libpthread.so
A /usr/lib64/libpthread_nonshared.a
A /usr/lib64/libresolv.so
A /usr/lib64/librpcsvc.a
A /usr/lib64/librt.so
A /usr/lib64/libthread_db.so
A /usr/lib64/libutil.so
A /usr/lib64/libz.so
C /usr/lib64/pkgconfig
A /usr/lib64/pkgconfig/zlib.pc
C /usr/libexec
A /usr/libexec/gcc
A /usr/libexec/gcc/x86_64-redhat-linux
A /usr/libexec/gcc/x86_64-redhat-linux/4.8.2
A /usr/libexec/gcc/x86_64-redhat-linux/4.8.2/cc1
C /usr/libexec/getconf
C /usr/local
C /usr/local/bin
A /usr/local/bin/GraphicsMagick-config
A /usr/local/bin/GraphicsMagickWand-config
A /usr/local/bin/cwebp
A /usr/local/bin/dwebp
A /usr/local/bin/gm
C /usr/local/include
A /usr/local/include/GraphicsMagick
A /usr/local/include/GraphicsMagick/magick
A /usr/local/include/GraphicsMagick/magick/analyze.h
A /usr/local/include/GraphicsMagick/magick/api.h
A /usr/local/include/GraphicsMagick/magick/attribute.h
A /usr/local/include/GraphicsMagick/magick/average.h
A /usr/local/include/GraphicsMagick/magick/blob.h
A /usr/local/include/GraphicsMagick/magick/cdl.h
A /usr/local/include/GraphicsMagick/magick/channel.h
A /usr/local/include/GraphicsMagick/magick/color.h
A /usr/local/include/GraphicsMagick/magick/color_lookup.h
A /usr/local/include/GraphicsMagick/magick/colormap.h
A /usr/local/include/GraphicsMagick/magick/colorspace.h
A /usr/local/include/GraphicsMagick/magick/command.h
A /usr/local/include/GraphicsMagick/magick/common.h
A /usr/local/include/GraphicsMagick/magick/compare.h
A /usr/local/include/GraphicsMagick/magick/composite.h
A /usr/local/include/GraphicsMagick/magick/compress.h
A /usr/local/include/GraphicsMagick/magick/confirm_access.h
A /usr/local/include/GraphicsMagick/magick/constitute.h
A /usr/local/include/GraphicsMagick/magick/decorate.h
A /usr/local/include/GraphicsMagick/magick/delegate.h
A /usr/local/include/GraphicsMagick/magick/deprecate.h
A /usr/local/include/GraphicsMagick/magick/describe.h
A /usr/local/include/GraphicsMagick/magick/draw.h
A /usr/local/include/GraphicsMagick/magick/effect.h
A /usr/local/include/GraphicsMagick/magick/enhance.h
A /usr/local/include/GraphicsMagick/magick/error.h
A /usr/local/include/GraphicsMagick/magick/forward.h
A /usr/local/include/GraphicsMagick/magick/fx.h
A /usr/local/include/GraphicsMagick/magick/gem.h
A /usr/local/include/GraphicsMagick/magick/gradient.h
A /usr/local/include/GraphicsMagick/magick/hclut.h
A /usr/local/include/GraphicsMagick/magick/image.h
A /usr/local/include/GraphicsMagick/magick/list.h
A /usr/local/include/GraphicsMagick/magick/log.h
A /usr/local/include/GraphicsMagick/magick/magic.h
A /usr/local/include/GraphicsMagick/magick/magick.h
A /usr/local/include/GraphicsMagick/magick/magick_config.h
A /usr/local/include/GraphicsMagick/magick/magick_types.h
A /usr/local/include/GraphicsMagick/magick/memory.h
A /usr/local/include/GraphicsMagick/magick/module.h
A /usr/local/include/GraphicsMagick/magick/monitor.h
A /usr/local/include/GraphicsMagick/magick/montage.h
A /usr/local/include/GraphicsMagick/magick/operator.h
A /usr/local/include/GraphicsMagick/magick/paint.h
A /usr/local/include/GraphicsMagick/magick/pixel_cache.h
A /usr/local/include/GraphicsMagick/magick/pixel_iterator.h
A /usr/local/include/GraphicsMagick/magick/plasma.h
A /usr/local/include/GraphicsMagick/magick/profile.h
A /usr/local/include/GraphicsMagick/magick/quantize.h
A /usr/local/include/GraphicsMagick/magick/random.h
A /usr/local/include/GraphicsMagick/magick/registry.h
A /usr/local/include/GraphicsMagick/magick/render.h
A /usr/local/include/GraphicsMagick/magick/resize.h
A /usr/local/include/GraphicsMagick/magick/resource.h
A /usr/local/include/GraphicsMagick/magick/shear.h
A /usr/local/include/GraphicsMagick/magick/signature.h
A /usr/local/include/GraphicsMagick/magick/statistics.h
A /usr/local/include/GraphicsMagick/magick/symbols.h
A /usr/local/include/GraphicsMagick/magick/texture.h
A /usr/local/include/GraphicsMagick/magick/timer.h
A /usr/local/include/GraphicsMagick/magick/transform.h
A /usr/local/include/GraphicsMagick/magick/type.h
A /usr/local/include/GraphicsMagick/magick/utility.h
A /usr/local/include/GraphicsMagick/magick/version.h
A /usr/local/include/GraphicsMagick/wand
A /usr/local/include/GraphicsMagick/wand/drawing_wand.h
A /usr/local/include/GraphicsMagick/wand/magick_wand.h
A /usr/local/include/GraphicsMagick/wand/pixel_wand.h
A /usr/local/include/GraphicsMagick/wand/wand_api.h
A /usr/local/include/GraphicsMagick/wand/wand_symbols.h
A /usr/local/include/webp
A /usr/local/include/webp/decode.h
A /usr/local/include/webp/encode.h
A /usr/local/include/webp/types.h
C /usr/local/lib
A /usr/local/lib/GraphicsMagick-1.3.21
A /usr/local/lib/GraphicsMagick-1.3.21/config
A /usr/local/lib/GraphicsMagick-1.3.21/config/delegates.mgk
A /usr/local/lib/GraphicsMagick-1.3.21/config/type-ghostscript.mgk
A /usr/local/lib/GraphicsMagick-1.3.21/config/type-solaris.mgk
A /usr/local/lib/GraphicsMagick-1.3.21/config/type-windows.mgk
A /usr/local/lib/GraphicsMagick-1.3.21/config/type.mgk
A /usr/local/lib/libGraphicsMagick.a
A /usr/local/lib/libGraphicsMagick.la
A /usr/local/lib/libGraphicsMagick.so
A /usr/local/lib/libGraphicsMagick.so.3
A /usr/local/lib/libGraphicsMagick.so.3.13.0
A /usr/local/lib/libGraphicsMagickWand.a
A /usr/local/lib/libGraphicsMagickWand.la
A /usr/local/lib/libGraphicsMagickWand.so
A /usr/local/lib/libGraphicsMagickWand.so.2
A /usr/local/lib/libGraphicsMagickWand.so.2.7.1
A /usr/local/lib/libwebp.a
A /usr/local/lib/libwebp.la
A /usr/local/lib/libwebp.so
A /usr/local/lib/libwebp.so.5
A /usr/local/lib/libwebp.so.5.0.3
A /usr/local/lib/pkgconfig
A /usr/local/lib/pkgconfig/GraphicsMagick.pc
A /usr/local/lib/pkgconfig/GraphicsMagickWand.pc
A /usr/local/lib/pkgconfig/libwebp.pc
C /usr/local/share
A /usr/local/share/GraphicsMagick-1.3.21
A /usr/local/share/GraphicsMagick-1.3.21/config
A /usr/local/share/GraphicsMagick-1.3.21/config/colors.mgk
A /usr/local/share/GraphicsMagick-1.3.21/config/log.mgk
A /usr/local/share/GraphicsMagick-1.3.21/config/modules.mgk
A /usr/local/share/doc
A /usr/local/share/doc/GraphicsMagick
A /usr/local/share/doc/GraphicsMagick/ChangeLog
A /usr/local/share/doc/GraphicsMagick/ChangeLog.2001
A /usr/local/share/doc/GraphicsMagick/ChangeLog.2002
A /usr/local/share/doc/GraphicsMagick/ChangeLog.2003
A /usr/local/share/doc/GraphicsMagick/ChangeLog.2004
A /usr/local/share/doc/GraphicsMagick/ChangeLog.2005
A /usr/local/share/doc/GraphicsMagick/ChangeLog.2006
A /usr/local/share/doc/GraphicsMagick/ChangeLog.2007
A /usr/local/share/doc/GraphicsMagick/ChangeLog.2008
A /usr/local/share/doc/GraphicsMagick/ChangeLog.2009
A /usr/local/share/doc/GraphicsMagick/ChangeLog.2010
A /usr/local/share/doc/GraphicsMagick/ChangeLog.2011
A /usr/local/share/doc/GraphicsMagick/ChangeLog.2012
A /usr/local/share/doc/GraphicsMagick/ChangeLog.2013
A /usr/local/share/doc/GraphicsMagick/Copyright.txt
A /usr/local/share/doc/GraphicsMagick/NEWS.txt
A /usr/local/share/doc/GraphicsMagick/www
A /usr/local/share/doc/GraphicsMagick/www/ChangeLog-2001.html
A /usr/local/share/doc/GraphicsMagick/www/ChangeLog-2002.html
A /usr/local/share/doc/GraphicsMagick/www/ChangeLog-2003.html
A /usr/local/share/doc/GraphicsMagick/www/ChangeLog-2004.html
A /usr/local/share/doc/GraphicsMagick/www/ChangeLog-2005.html
A /usr/local/share/doc/GraphicsMagick/www/ChangeLog-2006.html
A /usr/local/share/doc/GraphicsMagick/www/ChangeLog-2007.html
A /usr/local/share/doc/GraphicsMagick/www/ChangeLog-2008.html
A /usr/local/share/doc/GraphicsMagick/www/ChangeLog-2009.html
A /usr/local/share/doc/GraphicsMagick/www/ChangeLog-2010.html
A /usr/local/share/doc/GraphicsMagick/www/ChangeLog-2011.html
A /usr/local/share/doc/GraphicsMagick/www/ChangeLog-2012.html
A /usr/local/share/doc/GraphicsMagick/www/ChangeLog-2013.html
A /usr/local/share/doc/GraphicsMagick/www/ChangeLog-2014.html
A /usr/local/share/doc/GraphicsMagick/www/Changelog.html
A /usr/local/share/doc/GraphicsMagick/www/Changes.html
A /usr/local/share/doc/GraphicsMagick/www/Copyright.html
A /usr/local/share/doc/GraphicsMagick/www/FAQ.html
A /usr/local/share/doc/GraphicsMagick/www/GraphicsMagick.html
A /usr/local/share/doc/GraphicsMagick/www/Hg.html
A /usr/local/share/doc/GraphicsMagick/www/INSTALL-unix.html
A /usr/local/share/doc/GraphicsMagick/www/INSTALL-windows.html
A /usr/local/share/doc/GraphicsMagick/www/ImageMagickObject.html
A /usr/local/share/doc/GraphicsMagick/www/Magick++
A /usr/local/share/doc/GraphicsMagick/www/Magick++/Blob.html
A /usr/local/share/doc/GraphicsMagick/www/Magick++/Cache.png
A /usr/local/share/doc/GraphicsMagick/www/Magick++/ChangeLog.html
A /usr/local/share/doc/GraphicsMagick/www/Magick++/CoderInfo.html
A /usr/local/share/doc/GraphicsMagick/www/Magick++/Color.html
A /usr/local/share/doc/GraphicsMagick/www/Magick++/Drawable.html
A /usr/local/share/doc/GraphicsMagick/www/Magick++/Drawable_example_1.png
A /usr/local/share/doc/GraphicsMagick/www/Magick++/Enumerations.html
A /usr/local/share/doc/GraphicsMagick/www/Magick++/Exception.html
A /usr/local/share/doc/GraphicsMagick/www/Magick++/FormatCharacters.html
A /usr/local/share/doc/GraphicsMagick/www/Magick++/Geometry.html
A /usr/local/share/doc/GraphicsMagick/www/Magick++/Image.html
A /usr/local/share/doc/GraphicsMagick/www/Magick++/Image.png
A /usr/local/share/doc/GraphicsMagick/www/Magick++/ImageDesign.html
A /usr/local/share/doc/GraphicsMagick/www/Magick++/Montage.html
A /usr/local/share/doc/GraphicsMagick/www/Magick++/PixelPacket.html
A /usr/local/share/doc/GraphicsMagick/www/Magick++/Pixels.html
A /usr/local/share/doc/GraphicsMagick/www/Magick++/STL.html
A /usr/local/share/doc/GraphicsMagick/www/Magick++/TypeMetric.html
A /usr/local/share/doc/GraphicsMagick/www/Magick++/gm-188x120t.png
A /usr/local/share/doc/GraphicsMagick/www/Magick++/index.html
A /usr/local/share/doc/GraphicsMagick/www/Magick++/montage-sample-framed.jpg
A /usr/local/share/doc/GraphicsMagick/www/Magick++/right_triangle.png
A /usr/local/share/doc/GraphicsMagick/www/Magick++/thumbnail-anatomy-framed.jpg
A /usr/local/share/doc/GraphicsMagick/www/Magick++/thumbnail-anatomy-plain.jpg
A /usr/local/share/doc/GraphicsMagick/www/Magick++/thumbnail-sample-framed.jpg
A /usr/local/share/doc/GraphicsMagick/www/Magick++/thumbnail-sample-plain.jpg
A /usr/local/share/doc/GraphicsMagick/www/NEWS.html
A /usr/local/share/doc/GraphicsMagick/www/OpenMP.html
A /usr/local/share/doc/GraphicsMagick/www/README.html
A /usr/local/share/doc/GraphicsMagick/www/animate.html
A /usr/local/share/doc/GraphicsMagick/www/api
A /usr/local/share/doc/GraphicsMagick/www/api/animate.html
A /usr/local/share/doc/GraphicsMagick/www/api/annotate.html
A /usr/local/share/doc/GraphicsMagick/www/api/api.html
A /usr/local/share/doc/GraphicsMagick/www/api/attribute.html
A /usr/local/share/doc/GraphicsMagick/www/api/average.html
A /usr/local/share/doc/GraphicsMagick/www/api/blob.html
A /usr/local/share/doc/GraphicsMagick/www/api/cdl.html
A /usr/local/share/doc/GraphicsMagick/www/api/channel.html
A /usr/local/share/doc/GraphicsMagick/www/api/color.html
A /usr/local/share/doc/GraphicsMagick/www/api/colormap.html
A /usr/local/share/doc/GraphicsMagick/www/api/compare.html
A /usr/local/share/doc/GraphicsMagick/www/api/composite.html
A /usr/local/share/doc/GraphicsMagick/www/api/confirm_access.html
A /usr/local/share/doc/GraphicsMagick/www/api/constitute.html
A /usr/local/share/doc/GraphicsMagick/www/api/decorate.html
A /usr/local/share/doc/GraphicsMagick/www/api/deprecate.html
A /usr/local/share/doc/GraphicsMagick/www/api/describe.html
A /usr/local/share/doc/GraphicsMagick/www/api/display.html
A /usr/local/share/doc/GraphicsMagick/www/api/draw.html
A /usr/local/share/doc/GraphicsMagick/www/api/effect.html
A /usr/local/share/doc/GraphicsMagick/www/api/enhance.html
A /usr/local/share/doc/GraphicsMagick/www/api/error.html
A /usr/local/share/doc/GraphicsMagick/www/api/export.html
A /usr/local/share/doc/GraphicsMagick/www/api/fx.html
A /usr/local/share/doc/GraphicsMagick/www/api/hclut.html
A /usr/local/share/doc/GraphicsMagick/www/api/image.html
A /usr/local/share/doc/GraphicsMagick/www/api/import.html
A /usr/local/share/doc/GraphicsMagick/www/api/list.html
A /usr/local/share/doc/GraphicsMagick/www/api/magick.html
A /usr/local/share/doc/GraphicsMagick/www/api/memory.html
A /usr/local/share/doc/GraphicsMagick/www/api/monitor.html
A /usr/local/share/doc/GraphicsMagick/www/api/montage.html
A /usr/local/share/doc/GraphicsMagick/www/api/operator.html
A /usr/local/share/doc/GraphicsMagick/www/api/paint.html
A /usr/local/share/doc/GraphicsMagick/www/api/pixel_cache.html
A /usr/local/share/doc/GraphicsMagick/www/api/pixel_iterator.html
A /usr/local/share/doc/GraphicsMagick/www/api/plasma.html
A /usr/local/share/doc/GraphicsMagick/www/api/profile.html
A /usr/local/share/doc/GraphicsMagick/www/api/quantize.html
A /usr/local/share/doc/GraphicsMagick/www/api/registry.html
A /usr/local/share/doc/GraphicsMagick/www/api/render.html
A /usr/local/share/doc/GraphicsMagick/www/api/resize.html
A /usr/local/share/doc/GraphicsMagick/www/api/resource.html
A /usr/local/share/doc/GraphicsMagick/www/api/segment.html
A /usr/local/share/doc/GraphicsMagick/www/api/shear.html
A /usr/local/share/doc/GraphicsMagick/www/api/signature.html
A /usr/local/share/doc/GraphicsMagick/www/api/statistics.html
A /usr/local/share/doc/GraphicsMagick/www/api/texture.html
A /usr/local/share/doc/GraphicsMagick/www/api/transform.html
A /usr/local/share/doc/GraphicsMagick/www/api/types.html
A /usr/local/share/doc/GraphicsMagick/www/api/widget.html
A /usr/local/share/doc/GraphicsMagick/www/authors.html
A /usr/local/share/doc/GraphicsMagick/www/batch.html
A /usr/local/share/doc/GraphicsMagick/www/benchmark.html
A /usr/local/share/doc/GraphicsMagick/www/benchmarks.html
A /usr/local/share/doc/GraphicsMagick/www/bugs.html
A /usr/local/share/doc/GraphicsMagick/www/color.html
A /usr/local/share/doc/GraphicsMagick/www/compare.html
A /usr/local/share/doc/GraphicsMagick/www/composite.html
A /usr/local/share/doc/GraphicsMagick/www/configure-target-setup.png
A /usr/local/share/doc/GraphicsMagick/www/conjure.html
A /usr/local/share/doc/GraphicsMagick/www/contribute.html
A /usr/local/share/doc/GraphicsMagick/www/convert.html
A /usr/local/share/doc/GraphicsMagick/www/display.html
A /usr/local/share/doc/GraphicsMagick/www/docutils-api.css
A /usr/local/share/doc/GraphicsMagick/www/docutils-articles.css
A /usr/local/share/doc/GraphicsMagick/www/download.html
A /usr/local/share/doc/GraphicsMagick/www/favicon.ico
A /usr/local/share/doc/GraphicsMagick/www/formats.html
A /usr/local/share/doc/GraphicsMagick/www/gm.html
A /usr/local/share/doc/GraphicsMagick/www/identify.html
A /usr/local/share/doc/GraphicsMagick/www/images
A /usr/local/share/doc/GraphicsMagick/www/images/ball.png
A /usr/local/share/doc/GraphicsMagick/www/images/banner_bg.png
A /usr/local/share/doc/GraphicsMagick/www/images/gm-107x76.gif
A /usr/local/share/doc/GraphicsMagick/www/images/gm-107x76.png
A /usr/local/share/doc/GraphicsMagick/www/images/gm-125x80t.png
A /usr/local/share/doc/GraphicsMagick/www/images/right_triangle.png
A /usr/local/share/doc/GraphicsMagick/www/images/right_triangle_option.png
A /usr/local/share/doc/GraphicsMagick/www/import.html
A /usr/local/share/doc/GraphicsMagick/www/index.html
A /usr/local/share/doc/GraphicsMagick/www/links.html
A /usr/local/share/doc/GraphicsMagick/www/magick.css
A /usr/local/share/doc/GraphicsMagick/www/miff.html
A /usr/local/share/doc/GraphicsMagick/www/mission.html
A /usr/local/share/doc/GraphicsMagick/www/mogrify.html
A /usr/local/share/doc/GraphicsMagick/www/montage.html
A /usr/local/share/doc/GraphicsMagick/www/motion-picture.html
A /usr/local/share/doc/GraphicsMagick/www/perl.html
A /usr/local/share/doc/GraphicsMagick/www/process.html
A /usr/local/share/doc/GraphicsMagick/www/programming.html
A /usr/local/share/doc/GraphicsMagick/www/project.html
A /usr/local/share/doc/GraphicsMagick/www/quantize.html
A /usr/local/share/doc/GraphicsMagick/www/reference.html
A /usr/local/share/doc/GraphicsMagick/www/smile.c
A /usr/local/share/doc/GraphicsMagick/www/time.html
A /usr/local/share/doc/GraphicsMagick/www/tools.html
A /usr/local/share/doc/GraphicsMagick/www/utilities.html
A /usr/local/share/doc/GraphicsMagick/www/version.html
A /usr/local/share/doc/GraphicsMagick/www/wand
A /usr/local/share/doc/GraphicsMagick/www/wand/drawing_wand.html
A /usr/local/share/doc/GraphicsMagick/www/wand/magick_wand.html
A /usr/local/share/doc/GraphicsMagick/www/wand/pixel_wand.html
A /usr/local/share/doc/GraphicsMagick/www/wand/wand.html
C /usr/local/share/man
C /usr/local/share/man/man1
A /usr/local/share/man/man1/GraphicsMagick-config.1
A /usr/local/share/man/man1/GraphicsMagickWand-config.1
A /usr/local/share/man/man1/cwebp.1
A /usr/local/share/man/man1/dwebp.1
A /usr/local/share/man/man1/gm.1
C /usr/local/share/man/man4
A /usr/local/share/man/man4/miff.4
C /usr/local/share/man/man5
A /usr/local/share/man/man5/quantize.5
C /usr/share
C /usr/share/doc
A /usr/share/doc/mpfr-3.1.1
A /usr/share/doc/mpfr-3.1.1/mpfr
C /usr/share/info
A /usr/share/info/dir
C /usr/share/locale
C /usr/share/locale/be
C /usr/share/locale/be/LC_MESSAGES
A /usr/share/locale/be/LC_MESSAGES/cpplib.mo
C /usr/share/locale/bg
C /usr/share/locale/bg/LC_MESSAGES
C /usr/share/locale/ca
C /usr/share/locale/ca/LC_MESSAGES
A /usr/share/locale/ca/LC_MESSAGES/cpplib.mo
C /usr/share/locale/cs
C /usr/share/locale/cs/LC_MESSAGES
C /usr/share/locale/da
C /usr/share/locale/da/LC_MESSAGES
A /usr/share/locale/da/LC_MESSAGES/cpplib.mo
C /usr/share/locale/de
C /usr/share/locale/de/LC_MESSAGES
A /usr/share/locale/de/LC_MESSAGES/cpplib.mo
C /usr/share/locale/el
C /usr/share/locale/el/LC_MESSAGES
A /usr/share/locale/el/LC_MESSAGES/cpplib.mo
C /usr/share/locale/en_GB
C /usr/share/locale/en_GB/LC_MESSAGES
C /usr/share/locale/eo
C /usr/share/locale/eo/LC_MESSAGES
A /usr/share/locale/eo/LC_MESSAGES/cpplib.mo
C /usr/share/locale/es
C /usr/share/locale/es/LC_MESSAGES
A /usr/share/locale/es/LC_MESSAGES/cpplib.mo
C /usr/share/locale/et
C /usr/share/locale/et/LC_MESSAGES
C /usr/share/locale/eu
C /usr/share/locale/eu/LC_MESSAGES
C /usr/share/locale/fi
C /usr/share/locale/fi/LC_MESSAGES
A /usr/share/locale/fi/LC_MESSAGES/cpplib.mo
C /usr/share/locale/fr
C /usr/share/locale/fr/LC_MESSAGES
A /usr/share/locale/fr/LC_MESSAGES/cpplib.mo
C /usr/share/locale/ga
C /usr/share/locale/ga/LC_MESSAGES
C /usr/share/locale/gl
C /usr/share/locale/gl/LC_MESSAGES
C /usr/share/locale/he
C /usr/share/locale/he/LC_MESSAGES
C /usr/share/locale/hr
C /usr/share/locale/hr/LC_MESSAGES
C /usr/share/locale/hu
C /usr/share/locale/hu/LC_MESSAGES
C /usr/share/locale/id
C /usr/share/locale/id/LC_MESSAGES
A /usr/share/locale/id/LC_MESSAGES/cpplib.mo
C /usr/share/locale/it
C /usr/share/locale/it/LC_MESSAGES
C /usr/share/locale/ja
C /usr/share/locale/ja/LC_MESSAGES
A /usr/share/locale/ja/LC_MESSAGES/cpplib.mo
C /usr/share/locale/ko
C /usr/share/locale/ko/LC_MESSAGES
C /usr/share/locale/ky
C /usr/share/locale/ky/LC_MESSAGES
C /usr/share/locale/lt
C /usr/share/locale/lt/LC_MESSAGES
C /usr/share/locale/ms
C /usr/share/locale/ms/LC_MESSAGES
C /usr/share/locale/nb
C /usr/share/locale/nb/LC_MESSAGES
C /usr/share/locale/nl
C /usr/share/locale/nl/LC_MESSAGES
A /usr/share/locale/nl/LC_MESSAGES/cpplib.mo
C /usr/share/locale/pl
C /usr/share/locale/pl/LC_MESSAGES
C /usr/share/locale/pt
C /usr/share/locale/pt/LC_MESSAGES
C /usr/share/locale/pt_BR
C /usr/share/locale/pt_BR/LC_MESSAGES
A /usr/share/locale/pt_BR/LC_MESSAGES/cpplib.mo
C /usr/share/locale/ro
C /usr/share/locale/ro/LC_MESSAGES
C /usr/share/locale/ru
C /usr/share/locale/ru/LC_MESSAGES
A /usr/share/locale/ru/LC_MESSAGES/cpplib.mo
C /usr/share/locale/sk
C /usr/share/locale/sk/LC_MESSAGES
C /usr/share/locale/sl
C /usr/share/locale/sl/LC_MESSAGES
C /usr/share/locale/sr
C /usr/share/locale/sr/LC_MESSAGES
A /usr/share/locale/sr/LC_MESSAGES/cpplib.mo
C /usr/share/locale/sv
C /usr/share/locale/sv/LC_MESSAGES
A /usr/share/locale/sv/LC_MESSAGES/cpplib.mo
C /usr/share/locale/tr
C /usr/share/locale/tr/LC_MESSAGES
A /usr/share/locale/tr/LC_MESSAGES/cpplib.mo
C /usr/share/locale/uk
C /usr/share/locale/uk/LC_MESSAGES
A /usr/share/locale/uk/LC_MESSAGES/cpplib.mo
C /usr/share/locale/vi
C /usr/share/locale/vi/LC_MESSAGES
A /usr/share/locale/vi/LC_MESSAGES/cpplib.mo
C /usr/share/locale/zh_CN
C /usr/share/locale/zh_CN/LC_MESSAGES
A /usr/share/locale/zh_CN/LC_MESSAGES/cpplib.mo
C /usr/share/locale/zh_TW
C /usr/share/locale/zh_TW/LC_MESSAGES
A /usr/share/locale/zh_TW/LC_MESSAGES/cpplib.mo
C /var
C /var/cache
C /var/cache/ldconfig
A /var/cache/ldconfig/aux-cache
C /var/cache/yum
A /var/cache/yum/x86_64
A /var/cache/yum/x86_64/7
A /var/cache/yum/x86_64/7/base
A /var/cache/yum/x86_64/7/base/4b9ac2454536a901fecbc1a5ad080b0efd74680c6e1f4b28fb2c7ff419872418-c7-x86_64-comps.xml.gz
A /var/cache/yum/x86_64/7/base/cachecookie
A /var/cache/yum/x86_64/7/base/efa521576f53587de26616ea1e45f902993abcd9d67e707b8993b5f29bd15956-primary.sqlite.bz2
A /var/cache/yum/x86_64/7/base/gen
A /var/cache/yum/x86_64/7/base/gen/primary_db.sqlite
A /var/cache/yum/x86_64/7/base/mirrorlist.txt
A /var/cache/yum/x86_64/7/base/packages
A /var/cache/yum/x86_64/7/base/repomd.xml
A /var/cache/yum/x86_64/7/extras
A /var/cache/yum/x86_64/7/extras/2f7376bb250565ced6c28746a108d4071cb105087fd8f82f63f2a2aabd225251-primary.sqlite.bz2
A /var/cache/yum/x86_64/7/extras/cachecookie
A /var/cache/yum/x86_64/7/extras/gen
A /var/cache/yum/x86_64/7/extras/gen/primary_db.sqlite
A /var/cache/yum/x86_64/7/extras/mirrorlist.txt
A /var/cache/yum/x86_64/7/extras/packages
A /var/cache/yum/x86_64/7/extras/repomd.xml
A /var/cache/yum/x86_64/7/timedhosts
A /var/cache/yum/x86_64/7/timedhosts.txt
A /var/cache/yum/x86_64/7/updates
A /var/cache/yum/x86_64/7/updates/8de8c58227d9e5881d389eb3eea45a54fd4438442e952521f43ff42f22aa8b80-primary.sqlite.bz2
A /var/cache/yum/x86_64/7/updates/cachecookie
A /var/cache/yum/x86_64/7/updates/gen
A /var/cache/yum/x86_64/7/updates/gen/primary_db.sqlite
A /var/cache/yum/x86_64/7/updates/mirrorlist.txt
A /var/cache/yum/x86_64/7/updates/packages
A /var/cache/yum/x86_64/7/updates/repomd.xml
C /var/lib
C /var/lib/rpm
C /var/lib/rpm/Basenames
C /var/lib/rpm/Conflictname
C /var/lib/rpm/Dirnames
C /var/lib/rpm/Group
C /var/lib/rpm/Installtid
C /var/lib/rpm/Name
C /var/lib/rpm/Obsoletename
C /var/lib/rpm/Packages
C /var/lib/rpm/Providename
C /var/lib/rpm/Requirename
C /var/lib/rpm/Sha1header
C /var/lib/rpm/Sigmd5
C /var/lib/rpm/__db.001
C /var/lib/rpm/__db.002
C /var/lib/rpm/__db.003
C /var/lib/yum
C /var/lib/yum/history
C /var/lib/yum/history/2015-01-29
A /var/lib/yum/history/2015-01-29/4
A /var/lib/yum/history/2015-01-29/4/config-main
A /var/lib/yum/history/2015-01-29/4/config-repos
A /var/lib/yum/history/2015-01-29/4/saved_tx
A /var/lib/yum/history/2015-01-29/5
A /var/lib/yum/history/2015-01-29/5/config-main
A /var/lib/yum/history/2015-01-29/5/config-repos
A /var/lib/yum/history/2015-01-29/5/saved_tx
C /var/lib/yum/history/history-2015-01-29.sqlite
C /var/lib/yum/history/history-2015-01-29.sqlite-journal
C /var/lib/yum/rpmdb-indexes
C /var/lib/yum/rpmdb-indexes/conflicts
C /var/lib/yum/rpmdb-indexes/file-requires
C /var/lib/yum/rpmdb-indexes/obsoletes
C /var/lib/yum/rpmdb-indexes/pkgtups-checksums
C /var/lib/yum/rpmdb-indexes/version
C /var/lib/yum/yumdb
C /var/lib/yum/yumdb/c
A /var/lib/yum/yumdb/c/d2a6fa5cc6dd4ca819df7b80cdd4a1733449618f-cpp-4.8.2-16.2.el7_0-x86_64
A /var/lib/yum/yumdb/c/d2a6fa5cc6dd4ca819df7b80cdd4a1733449618f-cpp-4.8.2-16.2.el7_0-x86_64/checksum_data
A /var/lib/yum/yumdb/c/d2a6fa5cc6dd4ca819df7b80cdd4a1733449618f-cpp-4.8.2-16.2.el7_0-x86_64/checksum_type
A /var/lib/yum/yumdb/c/d2a6fa5cc6dd4ca819df7b80cdd4a1733449618f-cpp-4.8.2-16.2.el7_0-x86_64/command_line
A /var/lib/yum/yumdb/c/d2a6fa5cc6dd4ca819df7b80cdd4a1733449618f-cpp-4.8.2-16.2.el7_0-x86_64/from_repo
A /var/lib/yum/yumdb/c/d2a6fa5cc6dd4ca819df7b80cdd4a1733449618f-cpp-4.8.2-16.2.el7_0-x86_64/from_repo_revision
A /var/lib/yum/yumdb/c/d2a6fa5cc6dd4ca819df7b80cdd4a1733449618f-cpp-4.8.2-16.2.el7_0-x86_64/from_repo_timestamp
A /var/lib/yum/yumdb/c/d2a6fa5cc6dd4ca819df7b80cdd4a1733449618f-cpp-4.8.2-16.2.el7_0-x86_64/reason
A /var/lib/yum/yumdb/c/d2a6fa5cc6dd4ca819df7b80cdd4a1733449618f-cpp-4.8.2-16.2.el7_0-x86_64/releasever
A /var/lib/yum/yumdb/c/d2a6fa5cc6dd4ca819df7b80cdd4a1733449618f-cpp-4.8.2-16.2.el7_0-x86_64/tsflag_nodocs
A /var/lib/yum/yumdb/c/d2a6fa5cc6dd4ca819df7b80cdd4a1733449618f-cpp-4.8.2-16.2.el7_0-x86_64/var_infra
A /var/lib/yum/yumdb/c/d2a6fa5cc6dd4ca819df7b80cdd4a1733449618f-cpp-4.8.2-16.2.el7_0-x86_64/var_uuid
C /var/lib/yum/yumdb/g
A /var/lib/yum/yumdb/g/0eb79a2ffb0b950c6af11b0d1e194deb528ebacb-glibc-headers-2.17-55.el7_0.5-x86_64
A /var/lib/yum/yumdb/g/0eb79a2ffb0b950c6af11b0d1e194deb528ebacb-glibc-headers-2.17-55.el7_0.5-x86_64/checksum_data
A /var/lib/yum/yumdb/g/0eb79a2ffb0b950c6af11b0d1e194deb528ebacb-glibc-headers-2.17-55.el7_0.5-x86_64/checksum_type
A /var/lib/yum/yumdb/g/0eb79a2ffb0b950c6af11b0d1e194deb528ebacb-glibc-headers-2.17-55.el7_0.5-x86_64/command_line
A /var/lib/yum/yumdb/g/0eb79a2ffb0b950c6af11b0d1e194deb528ebacb-glibc-headers-2.17-55.el7_0.5-x86_64/from_repo
A /var/lib/yum/yumdb/g/0eb79a2ffb0b950c6af11b0d1e194deb528ebacb-glibc-headers-2.17-55.el7_0.5-x86_64/from_repo_revision
A /var/lib/yum/yumdb/g/0eb79a2ffb0b950c6af11b0d1e194deb528ebacb-glibc-headers-2.17-55.el7_0.5-x86_64/from_repo_timestamp
A /var/lib/yum/yumdb/g/0eb79a2ffb0b950c6af11b0d1e194deb528ebacb-glibc-headers-2.17-55.el7_0.5-x86_64/reason
A /var/lib/yum/yumdb/g/0eb79a2ffb0b950c6af11b0d1e194deb528ebacb-glibc-headers-2.17-55.el7_0.5-x86_64/releasever
A /var/lib/yum/yumdb/g/0eb79a2ffb0b950c6af11b0d1e194deb528ebacb-glibc-headers-2.17-55.el7_0.5-x86_64/tsflag_nodocs
A /var/lib/yum/yumdb/g/0eb79a2ffb0b950c6af11b0d1e194deb528ebacb-glibc-headers-2.17-55.el7_0.5-x86_64/var_infra
A /var/lib/yum/yumdb/g/0eb79a2ffb0b950c6af11b0d1e194deb528ebacb-glibc-headers-2.17-55.el7_0.5-x86_64/var_uuid
A /var/lib/yum/yumdb/g/8d950e92943344ed00181ec3f274cc95164037e0-glibc-devel-2.17-55.el7_0.5-x86_64
A /var/lib/yum/yumdb/g/8d950e92943344ed00181ec3f274cc95164037e0-glibc-devel-2.17-55.el7_0.5-x86_64/checksum_data
A /var/lib/yum/yumdb/g/8d950e92943344ed00181ec3f274cc95164037e0-glibc-devel-2.17-55.el7_0.5-x86_64/checksum_type
A /var/lib/yum/yumdb/g/8d950e92943344ed00181ec3f274cc95164037e0-glibc-devel-2.17-55.el7_0.5-x86_64/command_line
A /var/lib/yum/yumdb/g/8d950e92943344ed00181ec3f274cc95164037e0-glibc-devel-2.17-55.el7_0.5-x86_64/from_repo
A /var/lib/yum/yumdb/g/8d950e92943344ed00181ec3f274cc95164037e0-glibc-devel-2.17-55.el7_0.5-x86_64/from_repo_revision
A /var/lib/yum/yumdb/g/8d950e92943344ed00181ec3f274cc95164037e0-glibc-devel-2.17-55.el7_0.5-x86_64/from_repo_timestamp
A /var/lib/yum/yumdb/g/8d950e92943344ed00181ec3f274cc95164037e0-glibc-devel-2.17-55.el7_0.5-x86_64/reason
A /var/lib/yum/yumdb/g/8d950e92943344ed00181ec3f274cc95164037e0-glibc-devel-2.17-55.el7_0.5-x86_64/releasever
A /var/lib/yum/yumdb/g/8d950e92943344ed00181ec3f274cc95164037e0-glibc-devel-2.17-55.el7_0.5-x86_64/tsflag_nodocs
A /var/lib/yum/yumdb/g/8d950e92943344ed00181ec3f274cc95164037e0-glibc-devel-2.17-55.el7_0.5-x86_64/var_infra
A /var/lib/yum/yumdb/g/8d950e92943344ed00181ec3f274cc95164037e0-glibc-devel-2.17-55.el7_0.5-x86_64/var_uuid
C /var/lib/yum/yumdb/k
A /var/lib/yum/yumdb/k/58b65941133f819a1b45ca126c45d4f8cd48db1e-kernel-headers-3.10.0-123.20.1.el7-x86_64
A /var/lib/yum/yumdb/k/58b65941133f819a1b45ca126c45d4f8cd48db1e-kernel-headers-3.10.0-123.20.1.el7-x86_64/checksum_data
A /var/lib/yum/yumdb/k/58b65941133f819a1b45ca126c45d4f8cd48db1e-kernel-headers-3.10.0-123.20.1.el7-x86_64/checksum_type
A /var/lib/yum/yumdb/k/58b65941133f819a1b45ca126c45d4f8cd48db1e-kernel-headers-3.10.0-123.20.1.el7-x86_64/command_line
A /var/lib/yum/yumdb/k/58b65941133f819a1b45ca126c45d4f8cd48db1e-kernel-headers-3.10.0-123.20.1.el7-x86_64/from_repo
A /var/lib/yum/yumdb/k/58b65941133f819a1b45ca126c45d4f8cd48db1e-kernel-headers-3.10.0-123.20.1.el7-x86_64/from_repo_revision
A /var/lib/yum/yumdb/k/58b65941133f819a1b45ca126c45d4f8cd48db1e-kernel-headers-3.10.0-123.20.1.el7-x86_64/from_repo_timestamp
A /var/lib/yum/yumdb/k/58b65941133f819a1b45ca126c45d4f8cd48db1e-kernel-headers-3.10.0-123.20.1.el7-x86_64/reason
A /var/lib/yum/yumdb/k/58b65941133f819a1b45ca126c45d4f8cd48db1e-kernel-headers-3.10.0-123.20.1.el7-x86_64/releasever
A /var/lib/yum/yumdb/k/58b65941133f819a1b45ca126c45d4f8cd48db1e-kernel-headers-3.10.0-123.20.1.el7-x86_64/tsflag_nodocs
A /var/lib/yum/yumdb/k/58b65941133f819a1b45ca126c45d4f8cd48db1e-kernel-headers-3.10.0-123.20.1.el7-x86_64/var_infra
A /var/lib/yum/yumdb/k/58b65941133f819a1b45ca126c45d4f8cd48db1e-kernel-headers-3.10.0-123.20.1.el7-x86_64/var_uuid
C /var/lib/yum/yumdb/l
A /var/lib/yum/yumdb/l/435c5051f9af9b95d1ef71a2aec9ac16edf4bca1-libjpeg-turbo-1.2.90-5.el7-x86_64
A /var/lib/yum/yumdb/l/435c5051f9af9b95d1ef71a2aec9ac16edf4bca1-libjpeg-turbo-1.2.90-5.el7-x86_64/checksum_data
A /var/lib/yum/yumdb/l/435c5051f9af9b95d1ef71a2aec9ac16edf4bca1-libjpeg-turbo-1.2.90-5.el7-x86_64/checksum_type
A /var/lib/yum/yumdb/l/435c5051f9af9b95d1ef71a2aec9ac16edf4bca1-libjpeg-turbo-1.2.90-5.el7-x86_64/command_line
A /var/lib/yum/yumdb/l/435c5051f9af9b95d1ef71a2aec9ac16edf4bca1-libjpeg-turbo-1.2.90-5.el7-x86_64/from_repo
A /var/lib/yum/yumdb/l/435c5051f9af9b95d1ef71a2aec9ac16edf4bca1-libjpeg-turbo-1.2.90-5.el7-x86_64/from_repo_revision
A /var/lib/yum/yumdb/l/435c5051f9af9b95d1ef71a2aec9ac16edf4bca1-libjpeg-turbo-1.2.90-5.el7-x86_64/from_repo_timestamp
A /var/lib/yum/yumdb/l/435c5051f9af9b95d1ef71a2aec9ac16edf4bca1-libjpeg-turbo-1.2.90-5.el7-x86_64/reason
A /var/lib/yum/yumdb/l/435c5051f9af9b95d1ef71a2aec9ac16edf4bca1-libjpeg-turbo-1.2.90-5.el7-x86_64/releasever
A /var/lib/yum/yumdb/l/435c5051f9af9b95d1ef71a2aec9ac16edf4bca1-libjpeg-turbo-1.2.90-5.el7-x86_64/tsflag_nodocs
A /var/lib/yum/yumdb/l/435c5051f9af9b95d1ef71a2aec9ac16edf4bca1-libjpeg-turbo-1.2.90-5.el7-x86_64/var_infra
A /var/lib/yum/yumdb/l/435c5051f9af9b95d1ef71a2aec9ac16edf4bca1-libjpeg-turbo-1.2.90-5.el7-x86_64/var_uuid
A /var/lib/yum/yumdb/l/bd8def57f10dedcd4fc136c52c066ba94bd51d1f-libpng-1.5.13-5.el7-x86_64
A /var/lib/yum/yumdb/l/bd8def57f10dedcd4fc136c52c066ba94bd51d1f-libpng-1.5.13-5.el7-x86_64/checksum_data
A /var/lib/yum/yumdb/l/bd8def57f10dedcd4fc136c52c066ba94bd51d1f-libpng-1.5.13-5.el7-x86_64/checksum_type
A /var/lib/yum/yumdb/l/bd8def57f10dedcd4fc136c52c066ba94bd51d1f-libpng-1.5.13-5.el7-x86_64/command_line
A /var/lib/yum/yumdb/l/bd8def57f10dedcd4fc136c52c066ba94bd51d1f-libpng-1.5.13-5.el7-x86_64/from_repo
A /var/lib/yum/yumdb/l/bd8def57f10dedcd4fc136c52c066ba94bd51d1f-libpng-1.5.13-5.el7-x86_64/from_repo_revision
A /var/lib/yum/yumdb/l/bd8def57f10dedcd4fc136c52c066ba94bd51d1f-libpng-1.5.13-5.el7-x86_64/from_repo_timestamp
A /var/lib/yum/yumdb/l/bd8def57f10dedcd4fc136c52c066ba94bd51d1f-libpng-1.5.13-5.el7-x86_64/reason
A /var/lib/yum/yumdb/l/bd8def57f10dedcd4fc136c52c066ba94bd51d1f-libpng-1.5.13-5.el7-x86_64/releasever
A /var/lib/yum/yumdb/l/bd8def57f10dedcd4fc136c52c066ba94bd51d1f-libpng-1.5.13-5.el7-x86_64/tsflag_nodocs
A /var/lib/yum/yumdb/l/bd8def57f10dedcd4fc136c52c066ba94bd51d1f-libpng-1.5.13-5.el7-x86_64/var_infra
A /var/lib/yum/yumdb/l/bd8def57f10dedcd4fc136c52c066ba94bd51d1f-libpng-1.5.13-5.el7-x86_64/var_uuid
A /var/lib/yum/yumdb/l/dad6a54fa665ccf8e5e9683be8b289aea97c8678-libmpc-1.0.1-3.el7-x86_64
A /var/lib/yum/yumdb/l/dad6a54fa665ccf8e5e9683be8b289aea97c8678-libmpc-1.0.1-3.el7-x86_64/checksum_data
A /var/lib/yum/yumdb/l/dad6a54fa665ccf8e5e9683be8b289aea97c8678-libmpc-1.0.1-3.el7-x86_64/checksum_type
A /var/lib/yum/yumdb/l/dad6a54fa665ccf8e5e9683be8b289aea97c8678-libmpc-1.0.1-3.el7-x86_64/command_line
A /var/lib/yum/yumdb/l/dad6a54fa665ccf8e5e9683be8b289aea97c8678-libmpc-1.0.1-3.el7-x86_64/from_repo
A /var/lib/yum/yumdb/l/dad6a54fa665ccf8e5e9683be8b289aea97c8678-libmpc-1.0.1-3.el7-x86_64/from_repo_revision
A /var/lib/yum/yumdb/l/dad6a54fa665ccf8e5e9683be8b289aea97c8678-libmpc-1.0.1-3.el7-x86_64/from_repo_timestamp
A /var/lib/yum/yumdb/l/dad6a54fa665ccf8e5e9683be8b289aea97c8678-libmpc-1.0.1-3.el7-x86_64/reason
A /var/lib/yum/yumdb/l/dad6a54fa665ccf8e5e9683be8b289aea97c8678-libmpc-1.0.1-3.el7-x86_64/releasever
A /var/lib/yum/yumdb/l/dad6a54fa665ccf8e5e9683be8b289aea97c8678-libmpc-1.0.1-3.el7-x86_64/tsflag_nodocs
A /var/lib/yum/yumdb/l/dad6a54fa665ccf8e5e9683be8b289aea97c8678-libmpc-1.0.1-3.el7-x86_64/var_infra
A /var/lib/yum/yumdb/l/dad6a54fa665ccf8e5e9683be8b289aea97c8678-libmpc-1.0.1-3.el7-x86_64/var_uuid
A /var/lib/yum/yumdb/m
A /var/lib/yum/yumdb/m/8e2d3d7b86d46df59d92e130414125eafd9711e0-mpfr-3.1.1-4.el7-x86_64
A /var/lib/yum/yumdb/m/8e2d3d7b86d46df59d92e130414125eafd9711e0-mpfr-3.1.1-4.el7-x86_64/checksum_data
A /var/lib/yum/yumdb/m/8e2d3d7b86d46df59d92e130414125eafd9711e0-mpfr-3.1.1-4.el7-x86_64/checksum_type
A /var/lib/yum/yumdb/m/8e2d3d7b86d46df59d92e130414125eafd9711e0-mpfr-3.1.1-4.el7-x86_64/command_line
A /var/lib/yum/yumdb/m/8e2d3d7b86d46df59d92e130414125eafd9711e0-mpfr-3.1.1-4.el7-x86_64/from_repo
A /var/lib/yum/yumdb/m/8e2d3d7b86d46df59d92e130414125eafd9711e0-mpfr-3.1.1-4.el7-x86_64/from_repo_revision
A /var/lib/yum/yumdb/m/8e2d3d7b86d46df59d92e130414125eafd9711e0-mpfr-3.1.1-4.el7-x86_64/from_repo_timestamp
A /var/lib/yum/yumdb/m/8e2d3d7b86d46df59d92e130414125eafd9711e0-mpfr-3.1.1-4.el7-x86_64/reason
A /var/lib/yum/yumdb/m/8e2d3d7b86d46df59d92e130414125eafd9711e0-mpfr-3.1.1-4.el7-x86_64/releasever
A /var/lib/yum/yumdb/m/8e2d3d7b86d46df59d92e130414125eafd9711e0-mpfr-3.1.1-4.el7-x86_64/tsflag_nodocs
A /var/lib/yum/yumdb/m/8e2d3d7b86d46df59d92e130414125eafd9711e0-mpfr-3.1.1-4.el7-x86_64/var_infra
A /var/lib/yum/yumdb/m/8e2d3d7b86d46df59d92e130414125eafd9711e0-mpfr-3.1.1-4.el7-x86_64/var_uuid
C /var/lib/yum/yumdb/t
C /var/lib/yum/yumdb/w
C /var/lib/yum/yumdb/z
A /var/lib/yum/yumdb/z/52c1386fc9dfdee9c7a11a0221b513b094272020-zlib-devel-1.2.7-13.el7-x86_64
A /var/lib/yum/yumdb/z/52c1386fc9dfdee9c7a11a0221b513b094272020-zlib-devel-1.2.7-13.el7-x86_64/checksum_data
A /var/lib/yum/yumdb/z/52c1386fc9dfdee9c7a11a0221b513b094272020-zlib-devel-1.2.7-13.el7-x86_64/checksum_type
A /var/lib/yum/yumdb/z/52c1386fc9dfdee9c7a11a0221b513b094272020-zlib-devel-1.2.7-13.el7-x86_64/command_line
A /var/lib/yum/yumdb/z/52c1386fc9dfdee9c7a11a0221b513b094272020-zlib-devel-1.2.7-13.el7-x86_64/from_repo
A /var/lib/yum/yumdb/z/52c1386fc9dfdee9c7a11a0221b513b094272020-zlib-devel-1.2.7-13.el7-x86_64/from_repo_revision
A /var/lib/yum/yumdb/z/52c1386fc9dfdee9c7a11a0221b513b094272020-zlib-devel-1.2.7-13.el7-x86_64/from_repo_timestamp
A /var/lib/yum/yumdb/z/52c1386fc9dfdee9c7a11a0221b513b094272020-zlib-devel-1.2.7-13.el7-x86_64/reason
A /var/lib/yum/yumdb/z/52c1386fc9dfdee9c7a11a0221b513b094272020-zlib-devel-1.2.7-13.el7-x86_64/releasever
A /var/lib/yum/yumdb/z/52c1386fc9dfdee9c7a11a0221b513b094272020-zlib-devel-1.2.7-13.el7-x86_64/tsflag_nodocs
A /var/lib/yum/yumdb/z/52c1386fc9dfdee9c7a11a0221b513b094272020-zlib-devel-1.2.7-13.el7-x86_64/var_infra
A /var/lib/yum/yumdb/z/52c1386fc9dfdee9c7a11a0221b513b094272020-zlib-devel-1.2.7-13.el7-x86_64/var_uuid
C /var/log
C /var/log/yum.log
C /var/tmp
